This file contains any messages produced by compilers while
running configure, to aid debugging if configure makes a mistake.

It was created by libgpg-error configure 1.9, which was
generated by GNU Autoconf 2.64.  Invocation command line was

  $ ./configure 

## --------- ##
## Platform. ##
## --------- ##

hostname = Joaos-MacBook-Pro.local
uname -m = x86_64
uname -r = 12.3.0
uname -s = Darwin
uname -v = Darwin Kernel Version 12.3.0: Sun Jan  6 22:37:10 PST 2013; root:xnu-2050.22.13~1/RELEASE_X86_64

/usr/bin/uname -p = i386
/bin/uname -X     = unknown

/bin/arch              = unknown
/usr/bin/arch -k       = unknown
/usr/convex/getsysinfo = unknown
/usr/bin/hostinfo      = Mach kernel version:
	 Darwin Kernel Version 12.3.0: Sun Jan  6 22:37:10 PST 2013; root:xnu-2050.22.13~1/RELEASE_X86_64
Kernel configured for up to 8 processors.
4 processors are physically available.
8 processors are logically available.
Processor type: i486 (Intel 80486)
Processors active: 0 1 2 3 4 5 6 7
Primary memory available: 8.00 gigabytes
Default processor set: 183 tasks, 1031 threads, 8 processors
Load average: 3.20, Mach factor: 4.78
/bin/machine           = unknown
/usr/bin/oslevel       = unknown
/bin/universe          = unknown

PATH: /Users/joaovasques/.rvm/gems/ruby-1.9.3-p327/bin
PATH: /Users/joaovasques/.rvm/gems/ruby-1.9.3-p327@global/bin
PATH: /Users/joaovasques/.rvm/rubies/ruby-1.9.3-p327/bin
PATH: /Users/joaovasques/.rvm/bin
PATH: /usr/bin
PATH: /bin
PATH: /usr/sbin
PATH: /sbin
PATH: /usr/local/bin
PATH: /Applications/play-2.1.0
PATH: /opt/X11/bin
PATH: /usr/local/git/bin
PATH: /usr/texbin
PATH: /Users/joaovasques/AWS-APIs/ec2-api-tools-1.6.6.0/bin


## ----------- ##
## Core tests. ##
## ----------- ##

configure:2444: checking for a BSD-compatible install
configure:2512: result: /usr/bin/install -c
configure:2523: checking whether build environment is sane
configure:2560: result: yes
configure:2585: checking for a thread-safe mkdir -p
configure:2624: result: ./install-sh -c -d
configure:2637: checking for gawk
configure:2667: result: no
configure:2637: checking for mawk
configure:2667: result: no
configure:2637: checking for nawk
configure:2667: result: no
configure:2637: checking for awk
configure:2653: found /usr/bin/awk
configure:2664: result: awk
configure:2675: checking whether make sets $(MAKE)
configure:2697: result: yes
configure:2879: checking whether to enable maintainer-specific portions of Makefiles
configure:2888: result: no
configure:2912: checking build system type
configure:2926: result: i386-apple-darwin12.3.0
configure:2946: checking host system type
configure:2959: result: i386-apple-darwin12.3.0
configure:2983: autobuild project... libgpg-error
configure:2985: autobuild revision... 1.9
configure:2989: autobuild hostname... Joaos-MacBook-Pro.local
configure:2998: autobuild timestamp... 20130411-191536
configure:3052: checking for gcc
configure:3068: found /usr/bin/gcc
configure:3079: result: gcc
configure:3308: checking for C compiler version
configure:3317: gcc --version >&5
i686-apple-darwin11-llvm-gcc-4.2 (GCC) 4.2.1 (Based on Apple Inc. build 5658) (LLVM build 2336.11.00)
Copyright (C) 2007 Free Software Foundation, Inc.
This is free software; see the source for copying conditions.  There is NO
warranty; not even for MERCHANTABILITY or FITNESS FOR A PARTICULAR PURPOSE.

configure:3328: $? = 0
configure:3317: gcc -v >&5
Using built-in specs.
Target: i686-apple-darwin11
Configured with: /private/var/tmp/llvmgcc42/llvmgcc42-2336.11~67/src/configure --disable-checking --enable-werror --prefix=/Applications/Xcode.app/Contents/Developer/usr/llvm-gcc-4.2 --mandir=/share/man --enable-languages=c,objc,c++,obj-c++ --program-prefix=llvm- --program-transform-name=/^[cg][^.-]*$/s/$/-4.2/ --with-slibdir=/usr/lib --build=i686-apple-darwin11 --enable-llvm=/private/var/tmp/llvmgcc42/llvmgcc42-2336.11~67/dst-llvmCore/Developer/usr/local --program-prefix=i686-apple-darwin11- --host=x86_64-apple-darwin11 --target=i686-apple-darwin11 --with-gxx-include-dir=/usr/include/c++/4.2.1
Thread model: posix
gcc version 4.2.1 (Based on Apple Inc. build 5658) (LLVM build 2336.11.00)
configure:3328: $? = 0
configure:3317: gcc -V >&5
llvm-gcc-4.2: argument to `-V' is missing
configure:3328: $? = 1
configure:3317: gcc -qversion >&5
i686-apple-darwin11-llvm-gcc-4.2: no input files
configure:3328: $? = 1
configure:3350: checking for C compiler default output file name
configure:3372: gcc    conftest.c  >&5
configure:3376: $? = 0
configure:3413: result: a.out
configure:3429: checking whether the C compiler works
configure:3438: ./a.out
configure:3442: $? = 0
configure:3457: result: yes
configure:3464: checking whether we are cross compiling
configure:3466: result: no
configure:3469: checking for suffix of executables
configure:3476: gcc -o conftest    conftest.c  >&5
configure:3480: $? = 0
configure:3502: result: 
configure:3508: checking for suffix of object files
configure:3530: gcc -c   conftest.c >&5
configure:3534: $? = 0
configure:3555: result: o
configure:3559: checking whether we are using the GNU C compiler
configure:3578: gcc -c   conftest.c >&5
configure:3578: $? = 0
configure:3587: result: yes
configure:3596: checking whether gcc accepts -g
configure:3616: gcc -c -g  conftest.c >&5
configure:3616: $? = 0
configure:3657: result: yes
configure:3674: checking for gcc option to accept ISO C89
configure:3738: gcc  -c -g -O2  conftest.c >&5
configure:3738: $? = 0
configure:3751: result: none needed
configure:3782: checking for style of include used by make
configure:3810: result: GNU
configure:3835: checking dependency style of gcc
configure:3926: result: gcc3
configure:3942: checking whether gcc and cc understand -c and -o together
configure:3973: gcc -c conftest.c -o conftest2.o >&5
configure:3977: $? = 0
configure:3983: gcc -c conftest.c -o conftest2.o >&5
configure:3987: $? = 0
configure:3998: cc -c conftest.c >&5
configure:4002: $? = 0
configure:4010: cc -c conftest.c -o conftest2.o >&5
configure:4014: $? = 0
configure:4020: cc -c conftest.c -o conftest2.o >&5
configure:4024: $? = 0
configure:4042: result: yes
configure:4072: checking how to run the C preprocessor
configure:4103: gcc -E  conftest.c
configure:4103: $? = 0
configure:4117: gcc -E  conftest.c
conftest.c:11:28: error: ac_nonexistent.h: No such file or directory
configure:4117: $? = 1
configure: failed program was:
| /* confdefs.h */
| #define PACKAGE_NAME "libgpg-error"
| #define PACKAGE_TARNAME "libgpg-error"
| #define PACKAGE_VERSION "1.9"
| #define PACKAGE_STRING "libgpg-error 1.9"
| #define PACKAGE_BUGREPORT "bug-gnupg@gnupg.org"
| #define PACKAGE_URL ""
| #define PACKAGE "libgpg-error"
| #define VERSION "1.9"
| /* end confdefs.h.  */
| #include <ac_nonexistent.h>
configure:4142: result: gcc -E
configure:4162: gcc -E  conftest.c
configure:4162: $? = 0
configure:4176: gcc -E  conftest.c
conftest.c:11:28: error: ac_nonexistent.h: No such file or directory
configure:4176: $? = 1
configure: failed program was:
| /* confdefs.h */
| #define PACKAGE_NAME "libgpg-error"
| #define PACKAGE_TARNAME "libgpg-error"
| #define PACKAGE_VERSION "1.9"
| #define PACKAGE_STRING "libgpg-error 1.9"
| #define PACKAGE_BUGREPORT "bug-gnupg@gnupg.org"
| #define PACKAGE_URL ""
| #define PACKAGE "libgpg-error"
| #define VERSION "1.9"
| /* end confdefs.h.  */
| #include <ac_nonexistent.h>
configure:4208: checking for gawk
configure:4235: result: awk
configure:4289: checking for ar
configure:4305: found /usr/bin/ar
configure:4316: result: ar
configure:4340: checking for grep that handles long lines and -e
configure:4398: result: /usr/bin/grep
configure:4403: checking for egrep
configure:4465: result: /usr/bin/grep -E
configure:4470: checking for ANSI C header files
configure:4490: gcc -c -g -O2  conftest.c >&5
configure:4490: $? = 0
configure:4563: gcc -o conftest -g -O2   conftest.c  >&5
configure:4563: $? = 0
configure:4563: ./conftest
configure:4563: $? = 0
configure:4574: result: yes
configure:4587: checking for sys/types.h
configure:4587: gcc -c -g -O2  conftest.c >&5
configure:4587: $? = 0
configure:4587: result: yes
configure:4587: checking for sys/stat.h
configure:4587: gcc -c -g -O2  conftest.c >&5
configure:4587: $? = 0
configure:4587: result: yes
configure:4587: checking for stdlib.h
configure:4587: gcc -c -g -O2  conftest.c >&5
configure:4587: $? = 0
configure:4587: result: yes
configure:4587: checking for string.h
configure:4587: gcc -c -g -O2  conftest.c >&5
configure:4587: $? = 0
configure:4587: result: yes
configure:4587: checking for memory.h
configure:4587: gcc -c -g -O2  conftest.c >&5
configure:4587: $? = 0
configure:4587: result: yes
configure:4587: checking for strings.h
configure:4587: gcc -c -g -O2  conftest.c >&5
configure:4587: $? = 0
configure:4587: result: yes
configure:4587: checking for inttypes.h
configure:4587: gcc -c -g -O2  conftest.c >&5
configure:4587: $? = 0
configure:4587: result: yes
configure:4587: checking for stdint.h
configure:4587: gcc -c -g -O2  conftest.c >&5
configure:4587: $? = 0
configure:4587: result: yes
configure:4587: checking for unistd.h
configure:4587: gcc -c -g -O2  conftest.c >&5
configure:4587: $? = 0
configure:4587: result: yes
configure:4601: checking minix/config.h usability
configure:4601: gcc -c -g -O2  conftest.c >&5
conftest.c:54:26: error: minix/config.h: No such file or directory
configure:4601: $? = 1
configure: failed program was:
| /* confdefs.h */
| #define PACKAGE_NAME "libgpg-error"
| #define PACKAGE_TARNAME "libgpg-error"
| #define PACKAGE_VERSION "1.9"
| #define PACKAGE_STRING "libgpg-error 1.9"
| #define PACKAGE_BUGREPORT "bug-gnupg@gnupg.org"
| #define PACKAGE_URL ""
| #define PACKAGE "libgpg-error"
| #define VERSION "1.9"
| #define STDC_HEADERS 1
| #define HAVE_SYS_TYPES_H 1
| #define HAVE_SYS_STAT_H 1
| #define HAVE_STDLIB_H 1
| #define HAVE_STRING_H 1
| #define HAVE_MEMORY_H 1
| #define HAVE_STRINGS_H 1
| #define HAVE_INTTYPES_H 1
| #define HAVE_STDINT_H 1
| #define HAVE_UNISTD_H 1
| /* end confdefs.h.  */
| #include <stdio.h>
| #ifdef HAVE_SYS_TYPES_H
| # include <sys/types.h>
| #endif
| #ifdef HAVE_SYS_STAT_H
| # include <sys/stat.h>
| #endif
| #ifdef STDC_HEADERS
| # include <stdlib.h>
| # include <stddef.h>
| #else
| # ifdef HAVE_STDLIB_H
| #  include <stdlib.h>
| # endif
| #endif
| #ifdef HAVE_STRING_H
| # if !defined STDC_HEADERS && defined HAVE_MEMORY_H
| #  include <memory.h>
| # endif
| # include <string.h>
| #endif
| #ifdef HAVE_STRINGS_H
| # include <strings.h>
| #endif
| #ifdef HAVE_INTTYPES_H
| # include <inttypes.h>
| #endif
| #ifdef HAVE_STDINT_H
| # include <stdint.h>
| #endif
| #ifdef HAVE_UNISTD_H
| # include <unistd.h>
| #endif
| #include <minix/config.h>
configure:4601: result: no
configure:4601: checking minix/config.h presence
configure:4601: gcc -E  conftest.c
conftest.c:21:26: error: minix/config.h: No such file or directory
configure:4601: $? = 1
configure: failed program was:
| /* confdefs.h */
| #define PACKAGE_NAME "libgpg-error"
| #define PACKAGE_TARNAME "libgpg-error"
| #define PACKAGE_VERSION "1.9"
| #define PACKAGE_STRING "libgpg-error 1.9"
| #define PACKAGE_BUGREPORT "bug-gnupg@gnupg.org"
| #define PACKAGE_URL ""
| #define PACKAGE "libgpg-error"
| #define VERSION "1.9"
| #define STDC_HEADERS 1
| #define HAVE_SYS_TYPES_H 1
| #define HAVE_SYS_STAT_H 1
| #define HAVE_STDLIB_H 1
| #define HAVE_STRING_H 1
| #define HAVE_MEMORY_H 1
| #define HAVE_STRINGS_H 1
| #define HAVE_INTTYPES_H 1
| #define HAVE_STDINT_H 1
| #define HAVE_UNISTD_H 1
| /* end confdefs.h.  */
| #include <minix/config.h>
configure:4601: result: no
configure:4601: checking for minix/config.h
configure:4601: result: no
configure:4622: checking whether it is safe to define __EXTENSIONS__
configure:4640: gcc -c -g -O2  conftest.c >&5
configure:4640: $? = 0
configure:4647: result: yes
configure:4689: checking for a sed that does not truncate output
configure:4753: result: /usr/bin/sed
configure:4771: checking for fgrep
configure:4833: result: /usr/bin/grep -F
configure:4868: checking for ld used by gcc
configure:4935: result: /usr/llvm-gcc-4.2/libexec/gcc/i686-apple-darwin11/4.2.1/ld
configure:4942: checking if the linker (/usr/llvm-gcc-4.2/libexec/gcc/i686-apple-darwin11/4.2.1/ld) is GNU ld
configure:4957: result: no
configure:4969: checking for BSD- or MS-compatible name lister (nm)
configure:5018: result: /usr/bin/nm
configure:5136: checking the name lister (/usr/bin/nm) interface
configure:5143: gcc -c -g -O2  conftest.c >&5
configure:5146: /usr/bin/nm "conftest.o"
configure:5149: output
00000000000001a8 S _some_variable
configure:5156: result: BSD nm
configure:5159: checking whether ln -s works
configure:5163: result: yes
configure:5171: checking the maximum length of command line arguments
configure:5291: result: 196608
configure:5308: checking whether the shell understands some XSI constructs
configure:5318: result: yes
configure:5322: checking whether the shell understands "+="
configure:5328: result: yes
configure:5363: checking for /usr/llvm-gcc-4.2/libexec/gcc/i686-apple-darwin11/4.2.1/ld option to reload object files
configure:5370: result: -r
configure:5439: checking for objdump
configure:5469: result: no
configure:5495: checking how to recognize dependent libraries
configure:5691: result: pass_all
configure:5751: checking for ar
configure:5778: result: ar
configure:5856: checking for strip
configure:5872: found /usr/bin/strip
configure:5883: result: strip
configure:5955: checking for ranlib
configure:5971: found /usr/bin/ranlib
configure:5982: result: ranlib
configure:6072: checking command to parse /usr/bin/nm output from gcc object
configure:6190: gcc -c -g -O2  conftest.c >&5
configure:6193: $? = 0
configure:6197: /usr/bin/nm conftest.o \| sed -n -e 's/^.*[	 ]\([BCDEGRST][BCDEGRST]*\)[	 ][	 ]*\([_A-Za-z][_A-Za-z0-9]*\)$/\1 \2 \2/p' \> conftest.nm
configure:6200: $? = 0
cannot find nm_test_var in conftest.nm
configure:6190: gcc -c -g -O2  conftest.c >&5
configure:6193: $? = 0
configure:6197: /usr/bin/nm conftest.o \| sed -n -e 's/^.*[	 ]\([BCDEGRST][BCDEGRST]*\)[	 ][	 ]*_\([_A-Za-z][_A-Za-z0-9]*\)$/\1 _\2 \2/p' \> conftest.nm
configure:6200: $? = 0
configure:6254: gcc -o conftest -g -O2   conftest.c conftstm.o >&5
configure:6257: $? = 0
configure:6295: result: ok
configure:6559: checking for dsymutil
configure:6575: found /usr/bin/dsymutil
configure:6586: result: dsymutil
configure:6651: checking for nmedit
configure:6667: found /usr/bin/nmedit
configure:6678: result: nmedit
configure:6743: checking for lipo
configure:6759: found /usr/bin/lipo
configure:6770: result: lipo
configure:6835: checking for otool
configure:6851: found /usr/bin/otool
configure:6862: result: otool
configure:6927: checking for otool64
configure:6957: result: no
configure:7002: checking for -single_module linker flag
gcc -g -O2  -o libconftest.dylib -dynamiclib -Wl,-single_module conftest.c
configure:7029: result: yes
configure:7031: checking for -exported_symbols_list linker flag
configure:7051: gcc -o conftest -g -O2   -Wl,-exported_symbols_list,conftest.sym conftest.c  >&5
configure:7051: $? = 0
configure:7061: result: yes
configure:7100: checking for dlfcn.h
configure:7100: gcc -c -g -O2  conftest.c >&5
configure:7100: $? = 0
configure:7100: result: yes
configure:7581: checking for objdir
configure:7596: result: .libs
configure:7892: checking if gcc supports -fno-rtti -fno-exceptions
configure:7910: gcc -c -g -O2  -fno-rtti -fno-exceptions conftest.c >&5
cc1: warning: command line option "-fno-rtti" is valid for C++/ObjC++ but not for C
configure:7914: $? = 0
configure:7927: result: no
configure:7947: checking for gcc option to produce PIC
configure:8219: result: -fno-common -DPIC
configure:8231: checking if gcc PIC flag -fno-common -DPIC works
configure:8249: gcc -c -g -O2  -fno-common -DPIC -DPIC conftest.c >&5
configure:8253: $? = 0
configure:8266: result: yes
configure:8290: checking if gcc static flag -static works
configure:8318: result: no
configure:8333: checking if gcc supports -c -o file.o
configure:8354: gcc -c -g -O2  -o out/conftest2.o conftest.c >&5
configure:8358: $? = 0
configure:8380: result: yes
configure:8388: checking if gcc supports -c -o file.o
configure:8435: result: yes
configure:8468: checking whether the gcc linker (/usr/llvm-gcc-4.2/libexec/gcc/i686-apple-darwin11/4.2.1/ld) supports shared libraries
configure:9455: result: yes
configure:9694: checking dynamic linker characteristics
configure:10357: result: darwin12.3.0 dyld
configure:10459: checking how to hardcode library paths into programs
configure:10484: result: immediate
configure:11004: checking whether stripping libraries is possible
configure:11018: result: yes
configure:11044: checking if libtool supports shared libraries
configure:11046: result: yes
configure:11049: checking whether to build shared libraries
configure:11070: result: yes
configure:11073: checking whether to build static libraries
configure:11077: result: no
configure:11155: checking for windres
configure:11185: result: no
configure:11289: checking for cc for build
configure:11296: result: gcc
configure:11323: checking whether NLS is requested
configure:11332: result: yes
configure:11370: checking for msgfmt
configure:11405: result: no
configure:11411: checking for gmsgfmt
configure:11442: result: :
configure:11493: checking for xgettext
configure:11528: result: no
configure:11571: checking for msgmerge
configure:11605: result: no
configure:11656: checking for ld used by GCC
configure:11720: result: /usr/llvm-gcc-4.2/libexec/gcc/i686-apple-darwin11/4.2.1/ld
configure:11727: checking if the linker (/usr/llvm-gcc-4.2/libexec/gcc/i686-apple-darwin11/4.2.1/ld) is GNU ld
configure:11740: result: no
configure:11747: checking for shared library run path origin
configure:11760: result: done
configure:12196: checking for CFPreferencesCopyAppValue
configure:12214: gcc -o conftest -g -O2   conftest.c  -Wl,-framework -Wl,CoreFoundation >&5
configure:12214: $? = 0
configure:12223: result: yes
configure:12230: checking for CFLocaleCopyCurrent
configure:12248: gcc -o conftest -g -O2   conftest.c  -Wl,-framework -Wl,CoreFoundation >&5
configure:12248: $? = 0
configure:12257: result: yes
configure:12286: checking for GNU gettext in libc
configure:12305: gcc -o conftest -g -O2   conftest.c  >&5
conftest.c:30:21: error: libintl.h: No such file or directory
conftest.c: In function 'main':
conftest.c:37: warning: incompatible implicit declaration of built-in function 'gettext'
configure:12305: $? = 1
configure: failed program was:
| /* confdefs.h */
| #define PACKAGE_NAME "libgpg-error"
| #define PACKAGE_TARNAME "libgpg-error"
| #define PACKAGE_VERSION "1.9"
| #define PACKAGE_STRING "libgpg-error 1.9"
| #define PACKAGE_BUGREPORT "bug-gnupg@gnupg.org"
| #define PACKAGE_URL ""
| #define PACKAGE "libgpg-error"
| #define VERSION "1.9"
| #define STDC_HEADERS 1
| #define HAVE_SYS_TYPES_H 1
| #define HAVE_SYS_STAT_H 1
| #define HAVE_STDLIB_H 1
| #define HAVE_STRING_H 1
| #define HAVE_MEMORY_H 1
| #define HAVE_STRINGS_H 1
| #define HAVE_INTTYPES_H 1
| #define HAVE_STDINT_H 1
| #define HAVE_UNISTD_H 1
| #define __EXTENSIONS__ 1
| #define _ALL_SOURCE 1
| #define _GNU_SOURCE 1
| #define _POSIX_PTHREAD_SEMANTICS 1
| #define _TANDEM_SOURCE 1
| #define HAVE_DLFCN_H 1
| #define LT_OBJDIR ".libs/"
| #define HAVE_CFPREFERENCESCOPYAPPVALUE 1
| #define HAVE_CFLOCALECOPYCURRENT 1
| /* end confdefs.h.  */
| #include <libintl.h>
| extern int _nl_msg_cat_cntr;
| extern int *_nl_domain_bindings;
| int
| main ()
| {
| bindtextdomain ("", "");
| return * gettext ("") + _nl_msg_cat_cntr + *_nl_domain_bindings
|   ;
|   return 0;
| }
configure:12313: result: no
configure:12347: checking for iconv
configure:12369: gcc -o conftest -g -O2   conftest.c  >&5
Undefined symbols for architecture x86_64:
  "_iconv", referenced from:
      _main in ccoXDhXH.o
  "_iconv_close", referenced from:
      _main in ccoXDhXH.o
  "_iconv_open", referenced from:
      _main in ccoXDhXH.o
ld: symbol(s) not found for architecture x86_64
collect2: ld returned 1 exit status
configure:12369: $? = 1
configure: failed program was:
| /* confdefs.h */
| #define PACKAGE_NAME "libgpg-error"
| #define PACKAGE_TARNAME "libgpg-error"
| #define PACKAGE_VERSION "1.9"
| #define PACKAGE_STRING "libgpg-error 1.9"
| #define PACKAGE_BUGREPORT "bug-gnupg@gnupg.org"
| #define PACKAGE_URL ""
| #define PACKAGE "libgpg-error"
| #define VERSION "1.9"
| #define STDC_HEADERS 1
| #define HAVE_SYS_TYPES_H 1
| #define HAVE_SYS_STAT_H 1
| #define HAVE_STDLIB_H 1
| #define HAVE_STRING_H 1
| #define HAVE_MEMORY_H 1
| #define HAVE_STRINGS_H 1
| #define HAVE_INTTYPES_H 1
| #define HAVE_STDINT_H 1
| #define HAVE_UNISTD_H 1
| #define __EXTENSIONS__ 1
| #define _ALL_SOURCE 1
| #define _GNU_SOURCE 1
| #define _POSIX_PTHREAD_SEMANTICS 1
| #define _TANDEM_SOURCE 1
| #define HAVE_DLFCN_H 1
| #define LT_OBJDIR ".libs/"
| #define HAVE_CFPREFERENCESCOPYAPPVALUE 1
| #define HAVE_CFLOCALECOPYCURRENT 1
| /* end confdefs.h.  */
| #include <stdlib.h>
| #include <iconv.h>
| int
| main ()
| {
| iconv_t cd = iconv_open("","");
|        iconv(cd,NULL,NULL,NULL,NULL);
|        iconv_close(cd);
|   ;
|   return 0;
| }
configure:12391: gcc -o conftest -g -O2   conftest.c  -liconv >&5
configure:12391: $? = 0
configure:12401: result: yes
configure:12409: checking how to link with libiconv
configure:12411: result: -liconv
configure:12801: checking for GNU gettext in libintl
configure:12828: gcc -o conftest -g -O2    conftest.c  -lintl >&5
conftest.c:31:21: error: libintl.h: No such file or directory
conftest.c: In function 'main':
conftest.c:42: warning: incompatible implicit declaration of built-in function 'gettext'
configure:12828: $? = 1
configure: failed program was:
| /* confdefs.h */
| #define PACKAGE_NAME "libgpg-error"
| #define PACKAGE_TARNAME "libgpg-error"
| #define PACKAGE_VERSION "1.9"
| #define PACKAGE_STRING "libgpg-error 1.9"
| #define PACKAGE_BUGREPORT "bug-gnupg@gnupg.org"
| #define PACKAGE_URL ""
| #define PACKAGE "libgpg-error"
| #define VERSION "1.9"
| #define STDC_HEADERS 1
| #define HAVE_SYS_TYPES_H 1
| #define HAVE_SYS_STAT_H 1
| #define HAVE_STDLIB_H 1
| #define HAVE_STRING_H 1
| #define HAVE_MEMORY_H 1
| #define HAVE_STRINGS_H 1
| #define HAVE_INTTYPES_H 1
| #define HAVE_STDINT_H 1
| #define HAVE_UNISTD_H 1
| #define __EXTENSIONS__ 1
| #define _ALL_SOURCE 1
| #define _GNU_SOURCE 1
| #define _POSIX_PTHREAD_SEMANTICS 1
| #define _TANDEM_SOURCE 1
| #define HAVE_DLFCN_H 1
| #define LT_OBJDIR ".libs/"
| #define HAVE_CFPREFERENCESCOPYAPPVALUE 1
| #define HAVE_CFLOCALECOPYCURRENT 1
| #define HAVE_ICONV 1
| /* end confdefs.h.  */
| #include <libintl.h>
| extern int _nl_msg_cat_cntr;
| extern
| #ifdef __cplusplus
| "C"
| #endif
| const char *_nl_expand_alias (const char *);
| int
| main ()
| {
| bindtextdomain ("", "");
| return * gettext ("") + _nl_msg_cat_cntr + *_nl_expand_alias ("")
|   ;
|   return 0;
| }
configure:12855: gcc -o conftest -g -O2    conftest.c  -lintl -liconv >&5
conftest.c:31:21: error: libintl.h: No such file or directory
conftest.c: In function 'main':
conftest.c:42: warning: incompatible implicit declaration of built-in function 'gettext'
configure:12855: $? = 1
configure: failed program was:
| /* confdefs.h */
| #define PACKAGE_NAME "libgpg-error"
| #define PACKAGE_TARNAME "libgpg-error"
| #define PACKAGE_VERSION "1.9"
| #define PACKAGE_STRING "libgpg-error 1.9"
| #define PACKAGE_BUGREPORT "bug-gnupg@gnupg.org"
| #define PACKAGE_URL ""
| #define PACKAGE "libgpg-error"
| #define VERSION "1.9"
| #define STDC_HEADERS 1
| #define HAVE_SYS_TYPES_H 1
| #define HAVE_SYS_STAT_H 1
| #define HAVE_STDLIB_H 1
| #define HAVE_STRING_H 1
| #define HAVE_MEMORY_H 1
| #define HAVE_STRINGS_H 1
| #define HAVE_INTTYPES_H 1
| #define HAVE_STDINT_H 1
| #define HAVE_UNISTD_H 1
| #define __EXTENSIONS__ 1
| #define _ALL_SOURCE 1
| #define _GNU_SOURCE 1
| #define _POSIX_PTHREAD_SEMANTICS 1
| #define _TANDEM_SOURCE 1
| #define HAVE_DLFCN_H 1
| #define LT_OBJDIR ".libs/"
| #define HAVE_CFPREFERENCESCOPYAPPVALUE 1
| #define HAVE_CFLOCALECOPYCURRENT 1
| #define HAVE_ICONV 1
| /* end confdefs.h.  */
| #include <libintl.h>
| extern int _nl_msg_cat_cntr;
| extern
| #ifdef __cplusplus
| "C"
| #endif
| const char *_nl_expand_alias (const char *);
| int
| main ()
| {
| bindtextdomain ("", "");
| return * gettext ("") + _nl_msg_cat_cntr + *_nl_expand_alias ("")
|   ;
|   return 0;
| }
configure:12867: result: no
configure:12902: checking whether to use NLS
configure:12904: result: no
configure:12977: checking for ANSI C header files
configure:13081: result: yes
configure:13092: checking for stdlib.h
configure:13092: result: yes
configure:13092: checking locale.h usability
configure:13092: gcc -c -g -O2  conftest.c >&5
configure:13092: $? = 0
configure:13092: result: yes
configure:13092: checking locale.h presence
configure:13092: gcc -E  conftest.c
configure:13092: $? = 0
configure:13092: result: yes
configure:13092: checking for locale.h
configure:13092: result: yes
configure:13103: checking whether strerror_r is declared
configure:13103: gcc -c -g -O2  conftest.c >&5
configure:13103: $? = 0
configure:13103: result: yes
configure:13116: checking for strerror_r
configure:13116: gcc -o conftest -g -O2   conftest.c  >&5
configure:13116: $? = 0
configure:13116: result: yes
configure:13125: checking whether strerror_r returns char *
configure:13149: gcc -c -g -O2  conftest.c >&5
conftest.c: In function 'main':
conftest.c:74: error: invalid type argument of 'unary *'
conftest.c:75: warning: initialization makes pointer from integer without a cast
configure:13149: $? = 1
configure: failed program was:
| /* confdefs.h */
| #define PACKAGE_NAME "libgpg-error"
| #define PACKAGE_TARNAME "libgpg-error"
| #define PACKAGE_VERSION "1.9"
| #define PACKAGE_STRING "libgpg-error 1.9"
| #define PACKAGE_BUGREPORT "bug-gnupg@gnupg.org"
| #define PACKAGE_URL ""
| #define PACKAGE "libgpg-error"
| #define VERSION "1.9"
| #define STDC_HEADERS 1
| #define HAVE_SYS_TYPES_H 1
| #define HAVE_SYS_STAT_H 1
| #define HAVE_STDLIB_H 1
| #define HAVE_STRING_H 1
| #define HAVE_MEMORY_H 1
| #define HAVE_STRINGS_H 1
| #define HAVE_INTTYPES_H 1
| #define HAVE_STDINT_H 1
| #define HAVE_UNISTD_H 1
| #define __EXTENSIONS__ 1
| #define _ALL_SOURCE 1
| #define _GNU_SOURCE 1
| #define _POSIX_PTHREAD_SEMANTICS 1
| #define _TANDEM_SOURCE 1
| #define HAVE_DLFCN_H 1
| #define LT_OBJDIR ".libs/"
| #define HAVE_CFPREFERENCESCOPYAPPVALUE 1
| #define HAVE_CFLOCALECOPYCURRENT 1
| #define HAVE_ICONV 1
| #define STDC_HEADERS 1
| #define HAVE_STDLIB_H 1
| #define HAVE_LOCALE_H 1
| #define HAVE_DECL_STRERROR_R 1
| #define HAVE_STRERROR_R 1
| /* end confdefs.h.  */
| #include <stdio.h>
| #ifdef HAVE_SYS_TYPES_H
| # include <sys/types.h>
| #endif
| #ifdef HAVE_SYS_STAT_H
| # include <sys/stat.h>
| #endif
| #ifdef STDC_HEADERS
| # include <stdlib.h>
| # include <stddef.h>
| #else
| # ifdef HAVE_STDLIB_H
| #  include <stdlib.h>
| # endif
| #endif
| #ifdef HAVE_STRING_H
| # if !defined STDC_HEADERS && defined HAVE_MEMORY_H
| #  include <memory.h>
| # endif
| # include <string.h>
| #endif
| #ifdef HAVE_STRINGS_H
| # include <strings.h>
| #endif
| #ifdef HAVE_INTTYPES_H
| # include <inttypes.h>
| #endif
| #ifdef HAVE_STDINT_H
| # include <stdint.h>
| #endif
| #ifdef HAVE_UNISTD_H
| # include <unistd.h>
| #endif
| int
| main ()
| {
| 
| 	  char buf[100];
| 	  char x = *strerror_r (0, buf, sizeof buf);
| 	  char *p = strerror_r (0, buf, sizeof buf);
| 	  return !p || x;
| 
|   ;
|   return 0;
| }
configure:13187: result: no
configure:13201: checking for strerror_r
configure:13201: result: yes
configure:13213: checking for an ANSI C-conforming const
configure:13278: gcc -c -g -O2  conftest.c >&5
configure:13278: $? = 0
configure:13285: result: yes
configure:13498: creating ./config.status

## ---------------------- ##
## Running config.status. ##
## ---------------------- ##

This file was extended by libgpg-error config.status 1.9, which was
generated by GNU Autoconf 2.64.  Invocation command line was

  CONFIG_FILES    = 
  CONFIG_HEADERS  = 
  CONFIG_LINKS    = 
  CONFIG_COMMANDS = 
  $ ./config.status 

on Joaos-MacBook-Pro.local

config.status:1164: creating src/gpg-error-config
config.status:1164: creating Makefile
config.status:1164: creating po/Makefile.in
config.status:1164: creating m4/Makefile
config.status:1164: creating src/Makefile
config.status:1164: creating tests/Makefile
config.status:1164: creating lang/Makefile
config.status:1164: creating lang/cl/Makefile
config.status:1164: creating lang/cl/gpg-error.asd
config.status:1164: creating src/versioninfo.rc
config.status:1164: creating config.h
config.status:1336: config.h is unchanged
config.status:1384: executing depfiles commands
config.status:1384: executing libtool commands
config.status:1384: executing po-directories commands

## ---------------- ##
## Cache variables. ##
## ---------------- ##

ac_cv_build=i386-apple-darwin12.3.0
ac_cv_c_compiler_gnu=yes
ac_cv_c_const=yes
ac_cv_env_CC_FOR_BUILD_set=
ac_cv_env_CC_FOR_BUILD_value=
ac_cv_env_CC_set=
ac_cv_env_CC_value=
ac_cv_env_CFLAGS_set=
ac_cv_env_CFLAGS_value=
ac_cv_env_CPPFLAGS_set=
ac_cv_env_CPPFLAGS_value=
ac_cv_env_CPP_set=
ac_cv_env_CPP_value=
ac_cv_env_LDFLAGS_set=
ac_cv_env_LDFLAGS_value=
ac_cv_env_LIBS_set=
ac_cv_env_LIBS_value=
ac_cv_env_build_alias_set=
ac_cv_env_build_alias_value=
ac_cv_env_host_alias_set=
ac_cv_env_host_alias_value=
ac_cv_env_target_alias_set=
ac_cv_env_target_alias_value=
ac_cv_func_strerror_r=yes
ac_cv_func_strerror_r_char_p=no
ac_cv_have_decl_strerror_r=yes
ac_cv_header_dlfcn_h=yes
ac_cv_header_inttypes_h=yes
ac_cv_header_locale_h=yes
ac_cv_header_memory_h=yes
ac_cv_header_minix_config_h=no
ac_cv_header_stdc=yes
ac_cv_header_stdint_h=yes
ac_cv_header_stdlib_h=yes
ac_cv_header_string_h=yes
ac_cv_header_strings_h=yes
ac_cv_header_sys_stat_h=yes
ac_cv_header_sys_types_h=yes
ac_cv_header_unistd_h=yes
ac_cv_host=i386-apple-darwin12.3.0
ac_cv_objext=o
ac_cv_path_EGREP='/usr/bin/grep -E'
ac_cv_path_FGREP='/usr/bin/grep -F'
ac_cv_path_GMSGFMT=:
ac_cv_path_GREP=/usr/bin/grep
ac_cv_path_MSGFMT=:
ac_cv_path_MSGMERGE=:
ac_cv_path_SED=/usr/bin/sed
ac_cv_path_XGETTEXT=:
ac_cv_path_install='/usr/bin/install -c'
ac_cv_prog_AWK=awk
ac_cv_prog_CPP='gcc -E'
ac_cv_prog_ac_ct_AR=ar
ac_cv_prog_ac_ct_CC=gcc
ac_cv_prog_ac_ct_DSYMUTIL=dsymutil
ac_cv_prog_ac_ct_LIPO=lipo
ac_cv_prog_ac_ct_NMEDIT=nmedit
ac_cv_prog_ac_ct_OTOOL=otool
ac_cv_prog_ac_ct_RANLIB=ranlib
ac_cv_prog_ac_ct_STRIP=strip
ac_cv_prog_cc_c89=
ac_cv_prog_cc_g=yes
ac_cv_prog_cc_gcc_c_o=yes
ac_cv_prog_make_make_set=yes
ac_cv_safe_to_define___extensions__=yes
acl_cv_hardcode_direct=no
acl_cv_hardcode_libdir_flag_spec=
acl_cv_hardcode_libdir_separator=
acl_cv_hardcode_minus_L=no
acl_cv_libext=a
acl_cv_path_LD=/usr/llvm-gcc-4.2/libexec/gcc/i686-apple-darwin11/4.2.1/ld
acl_cv_prog_gnu_ld=no
acl_cv_rpath=done
acl_cv_shlibext=dylib
acl_cv_wl=-Wl,
am_cv_CC_dependencies_compiler_type=gcc3
am_cv_func_iconv=yes
am_cv_lib_iconv=yes
gt_cv_func_CFLocaleCopyCurrent=yes
gt_cv_func_CFPreferencesCopyAppValue=yes
gt_cv_func_gnugettext1_libc=no
gt_cv_func_gnugettext1_libintl=no
lt_cv_apple_cc_single_mod=yes
lt_cv_deplibs_check_method=pass_all
lt_cv_file_magic_cmd='$MAGIC_CMD'
lt_cv_file_magic_test_file=
lt_cv_ld_exported_symbols_list=yes
lt_cv_ld_reload_flag=-r
lt_cv_nm_interface='BSD nm'
lt_cv_objdir=.libs
lt_cv_path_LD=/usr/llvm-gcc-4.2/libexec/gcc/i686-apple-darwin11/4.2.1/ld
lt_cv_path_NM=/usr/bin/nm
lt_cv_prog_compiler_c_o=yes
lt_cv_prog_compiler_c_o_RC=yes
lt_cv_prog_compiler_pic_works=yes
lt_cv_prog_compiler_rtti_exceptions=no
lt_cv_prog_compiler_static_works=no
lt_cv_prog_gnu_ld=no
lt_cv_sys_global_symbol_pipe='sed -n -e '\''s/^.*[	 ]\([BCDEGRST][BCDEGRST]*\)[	 ][	 ]*_\([_A-Za-z][_A-Za-z0-9]*\)$/\1 _\2 \2/p'\'''
lt_cv_sys_global_symbol_to_c_name_address='sed -n -e '\''s/^: \([^ ]*\) $/  {\"\1\", (void *) 0},/p'\'' -e '\''s/^[BCDEGRST]* \([^ ]*\) \([^ ]*\)$/  {"\2", (void *) \&\2},/p'\'''
lt_cv_sys_global_symbol_to_c_name_address_lib_prefix='sed -n -e '\''s/^: \([^ ]*\) $/  {\"\1\", (void *) 0},/p'\'' -e '\''s/^[BCDEGRST]* \([^ ]*\) \(lib[^ ]*\)$/  {"\2", (void *) \&\2},/p'\'' -e '\''s/^[BCDEGRST]* \([^ ]*\) \([^ ]*\)$/  {"lib\2", (void *) \&\2},/p'\'''
lt_cv_sys_global_symbol_to_cdecl='sed -n -e '\''s/^T .* \(.*\)$/extern int \1();/p'\'' -e '\''s/^[BCDEGRST]* .* \(.*\)$/extern char \1;/p'\'''
lt_cv_sys_max_cmd_len=196608

## ----------------- ##
## Output variables. ##
## ----------------- ##

ACLOCAL='${SHELL} /Users/joaovasques/Duplicity/libgpg-error-1.9/missing --run aclocal-1.10'
AMDEPBACKSLASH='\'
AMDEP_FALSE='#'
AMDEP_TRUE=''
AMTAR='${SHELL} /Users/joaovasques/Duplicity/libgpg-error-1.9/missing --run tar'
AR='ar'
AS='as'
AUTOCONF='${SHELL} /Users/joaovasques/Duplicity/libgpg-error-1.9/missing --run autoconf'
AUTOHEADER='${SHELL} /Users/joaovasques/Duplicity/libgpg-error-1.9/missing --run autoheader'
AUTOMAKE='${SHELL} /Users/joaovasques/Duplicity/libgpg-error-1.9/missing --run automake-1.10'
AWK='awk'
BUILD_FILEVERSION=''
BUILD_TIMESTAMP=''
CC='gcc'
CCDEPMODE='depmode=gcc3'
CC_FOR_BUILD='gcc'
CFLAGS='-g -O2'
CPP='gcc -E'
CPPFLAGS=''
CYGPATH_W='echo'
DEFS='-DHAVE_CONFIG_H'
DEPDIR='.deps'
DLLTOOL='dlltool'
DSYMUTIL='dsymutil'
DUMPBIN=''
ECHO_C='\c'
ECHO_N=''
ECHO_T=''
EGREP='/usr/bin/grep -E'
EXEEXT=''
FGREP='/usr/bin/grep -F'
GMSGFMT=':'
GMSGFMT_015=':'
GPG_ERROR_CONFIG_CFLAGS=''
GPG_ERROR_CONFIG_ISUBDIRAFTER=''
GPG_ERROR_CONFIG_LIBS='-lgpg-error'
GREP='/usr/bin/grep'
HAVE_W32CE_SYSTEM_FALSE=''
HAVE_W32CE_SYSTEM_TRUE='#'
HAVE_W32_SYSTEM_FALSE=''
HAVE_W32_SYSTEM_TRUE='#'
INSTALL_DATA='${INSTALL} -m 644'
INSTALL_PROGRAM='${INSTALL}'
INSTALL_SCRIPT='${INSTALL}'
INSTALL_STRIP_PROGRAM='$(install_sh) -c -s'
INTLLIBS=''
INTL_MACOSX_LIBS='-Wl,-framework -Wl,CoreFoundation'
LANGUAGES_SOME_FALSE='#'
LANGUAGES_SOME_TRUE=''
LD='/usr/llvm-gcc-4.2/libexec/gcc/i686-apple-darwin11/4.2.1/ld'
LDFLAGS=''
LIBGPG_ERROR_LT_AGE='7'
LIBGPG_ERROR_LT_CURRENT='7'
LIBGPG_ERROR_LT_REVISION='0'
LIBICONV='-liconv'
LIBINTL=''
LIBOBJS=''
LIBS=''
LIBTOOL='$(SHELL) $(top_builddir)/libtool'
LIPO='lipo'
LN_S='ln -s'
LTLIBICONV='-liconv'
LTLIBINTL=''
LTLIBOBJS=''
MAINT='#'
MAINTAINER_MODE_FALSE=''
MAINTAINER_MODE_TRUE='#'
MAKEINFO='${SHELL} /Users/joaovasques/Duplicity/libgpg-error-1.9/missing --run makeinfo'
MKDIR_P='./install-sh -c -d'
MSGFMT=':'
MSGFMT_015=':'
MSGMERGE=':'
NM='/usr/bin/nm'
NMEDIT='nmedit'
OBJDUMP='false'
OBJEXT='o'
OTOOL64=':'
OTOOL='otool'
PACKAGE='libgpg-error'
PACKAGE_BUGREPORT='bug-gnupg@gnupg.org'
PACKAGE_NAME='libgpg-error'
PACKAGE_STRING='libgpg-error 1.9'
PACKAGE_TARNAME='libgpg-error'
PACKAGE_URL=''
PACKAGE_VERSION='1.9'
PATH_SEPARATOR=':'
POSUB=''
RANLIB='ranlib'
RC=''
SED='/usr/bin/sed'
SET_MAKE=''
SHELL='/bin/sh'
STRIP='strip'
USE_NLS='no'
VERSION='1.9'
XGETTEXT=':'
XGETTEXT_015=':'
ac_ct_CC='gcc'
ac_ct_DUMPBIN=''
am__fastdepCC_FALSE='#'
am__fastdepCC_TRUE=''
am__include='include'
am__isrc=''
am__leading_dot='.'
am__quote=''
am__tar='${AMTAR} chof - "$$tardir"'
am__untar='${AMTAR} xf -'
bindir='${exec_prefix}/bin'
build='i386-apple-darwin12.3.0'
build_alias=''
build_cpu='i386'
build_os='darwin12.3.0'
build_vendor='apple'
datadir='${datarootdir}'
datarootdir='${prefix}/share'
docdir='${datarootdir}/doc/${PACKAGE_TARNAME}'
dvidir='${docdir}'
exec_prefix='${prefix}'
host='i386-apple-darwin12.3.0'
host_alias=''
host_cpu='i386'
host_os='darwin12.3.0'
host_vendor='apple'
htmldir='${docdir}'
includedir='${prefix}/include'
infodir='${datarootdir}/info'
install_sh='$(SHELL) /Users/joaovasques/Duplicity/libgpg-error-1.9/install-sh'
libdir='${exec_prefix}/lib'
libexecdir='${exec_prefix}/libexec'
localedir='${datarootdir}/locale'
localstatedir='${prefix}/var'
lt_ECHO='/bin/echo'
mandir='${datarootdir}/man'
mkdir_p='$(top_builddir)/./install-sh -c -d'
oldincludedir='/usr/include'
pdfdir='${docdir}'
prefix='/usr/local'
program_transform_name='s,x,x,'
psdir='${docdir}'
sbindir='${exec_prefix}/sbin'
sharedstatedir='${prefix}/com'
sysconfdir='${prefix}/etc'
target_alias=''

## ----------- ##
## confdefs.h. ##
## ----------- ##

/* confdefs.h */
#define PACKAGE_NAME "libgpg-error"
#define PACKAGE_TARNAME "libgpg-error"
#define PACKAGE_VERSION "1.9"
#define PACKAGE_STRING "libgpg-error 1.9"
#define PACKAGE_BUGREPORT "bug-gnupg@gnupg.org"
#define PACKAGE_URL ""
#define PACKAGE "libgpg-error"
#define VERSION "1.9"
#define STDC_HEADERS 1
#define HAVE_SYS_TYPES_H 1
#define HAVE_SYS_STAT_H 1
#define HAVE_STDLIB_H 1
#define HAVE_STRING_H 1
#define HAVE_MEMORY_H 1
#define HAVE_STRINGS_H 1
#define HAVE_INTTYPES_H 1
#define HAVE_STDINT_H 1
#define HAVE_UNISTD_H 1
#define __EXTENSIONS__ 1
#define _ALL_SOURCE 1
#define _GNU_SOURCE 1
#define _POSIX_PTHREAD_SEMANTICS 1
#define _TANDEM_SOURCE 1
#define HAVE_DLFCN_H 1
#define LT_OBJDIR ".libs/"
#define HAVE_CFPREFERENCESCOPYAPPVALUE 1
#define HAVE_CFLOCALECOPYCURRENT 1
#define HAVE_ICONV 1
#define STDC_HEADERS 1
#define HAVE_STDLIB_H 1
#define HAVE_LOCALE_H 1
#define HAVE_DECL_STRERROR_R 1
#define HAVE_STRERROR_R 1

configure: exit 0
