This file contains any messages produced by compilers while
running configure, to aid debugging if configure makes a mistake.

It was created by libassuan configure 2.1.0, which was
generated by GNU Autoconf 2.69.  Invocation command line was

  $ ./configure 

## --------- ##
## Platform. ##
## --------- ##

hostname = Joaos-MacBook-Pro.local
uname -m = x86_64
uname -r = 12.3.0
uname -s = Darwin
uname -v = Darwin Kernel Version 12.3.0: Sun Jan  6 22:37:10 PST 2013; root:xnu-2050.22.13~1/RELEASE_X86_64

/usr/bin/uname -p = i386
/bin/uname -X     = unknown

/bin/arch              = unknown
/usr/bin/arch -k       = unknown
/usr/convex/getsysinfo = unknown
/usr/bin/hostinfo      = Mach kernel version:
	 Darwin Kernel Version 12.3.0: Sun Jan  6 22:37:10 PST 2013; root:xnu-2050.22.13~1/RELEASE_X86_64
Kernel configured for up to 8 processors.
4 processors are physically available.
8 processors are logically available.
Processor type: i486 (Intel 80486)
Processors active: 0 1 2 3 4 5 6 7
Primary memory available: 8.00 gigabytes
Default processor set: 183 tasks, 1013 threads, 8 processors
Load average: 1.58, Mach factor: 6.41
/bin/machine           = unknown
/usr/bin/oslevel       = unknown
/bin/universe          = unknown

PATH: /Users/joaovasques/.rvm/gems/ruby-1.9.3-p327/bin
PATH: /Users/joaovasques/.rvm/gems/ruby-1.9.3-p327@global/bin
PATH: /Users/joaovasques/.rvm/rubies/ruby-1.9.3-p327/bin
PATH: /Users/joaovasques/.rvm/bin
PATH: /usr/bin
PATH: /bin
PATH: /usr/sbin
PATH: /sbin
PATH: /usr/local/bin
PATH: /Applications/play-2.1.0
PATH: /opt/X11/bin
PATH: /usr/local/git/bin
PATH: /usr/texbin
PATH: /Users/joaovasques/AWS-APIs/ec2-api-tools-1.6.6.0/bin


## ----------- ##
## Core tests. ##
## ----------- ##

configure:2518: checking for a BSD-compatible install
configure:2586: result: /usr/bin/install -c
configure:2597: checking whether build environment is sane
configure:2647: result: yes
configure:2788: checking for a thread-safe mkdir -p
configure:2827: result: ./install-sh -c -d
configure:2840: checking for gawk
configure:2870: result: no
configure:2840: checking for mawk
configure:2870: result: no
configure:2840: checking for nawk
configure:2870: result: no
configure:2840: checking for awk
configure:2856: found /usr/bin/awk
configure:2867: result: awk
configure:2878: checking whether make sets $(MAKE)
configure:2900: result: yes
configure:2981: checking whether to enable maintainer-specific portions of Makefiles
configure:2990: result: no
configure:3011: checking build system type
configure:3025: result: x86_64-apple-darwin12.3.0
configure:3045: checking host system type
configure:3058: result: x86_64-apple-darwin12.3.0
configure:3082: autobuild project... libassuan
configure:3084: autobuild revision... 2.1.0
configure:3088: autobuild hostname... Joaos-MacBook-Pro.local
configure:3097: autobuild timestamp... 20130411-143914
configure:3114: checking for style of include used by make
configure:3142: result: GNU
configure:3213: checking for gcc
configure:3229: found /usr/bin/gcc
configure:3240: result: gcc
configure:3469: checking for C compiler version
configure:3478: gcc --version >&5
i686-apple-darwin11-llvm-gcc-4.2 (GCC) 4.2.1 (Based on Apple Inc. build 5658) (LLVM build 2336.11.00)
Copyright (C) 2007 Free Software Foundation, Inc.
This is free software; see the source for copying conditions.  There is NO
warranty; not even for MERCHANTABILITY or FITNESS FOR A PARTICULAR PURPOSE.

configure:3489: $? = 0
configure:3478: gcc -v >&5
Using built-in specs.
Target: i686-apple-darwin11
Configured with: /private/var/tmp/llvmgcc42/llvmgcc42-2336.11~67/src/configure --disable-checking --enable-werror --prefix=/Applications/Xcode.app/Contents/Developer/usr/llvm-gcc-4.2 --mandir=/share/man --enable-languages=c,objc,c++,obj-c++ --program-prefix=llvm- --program-transform-name=/^[cg][^.-]*$/s/$/-4.2/ --with-slibdir=/usr/lib --build=i686-apple-darwin11 --enable-llvm=/private/var/tmp/llvmgcc42/llvmgcc42-2336.11~67/dst-llvmCore/Developer/usr/local --program-prefix=i686-apple-darwin11- --host=x86_64-apple-darwin11 --target=i686-apple-darwin11 --with-gxx-include-dir=/usr/include/c++/4.2.1
Thread model: posix
gcc version 4.2.1 (Based on Apple Inc. build 5658) (LLVM build 2336.11.00)
configure:3489: $? = 0
configure:3478: gcc -V >&5
llvm-gcc-4.2: argument to `-V' is missing
configure:3489: $? = 1
configure:3478: gcc -qversion >&5
i686-apple-darwin11-llvm-gcc-4.2: no input files
configure:3489: $? = 1
configure:3509: checking whether the C compiler works
configure:3531: gcc    conftest.c  >&5
configure:3535: $? = 0
configure:3583: result: yes
configure:3586: checking for C compiler default output file name
configure:3588: result: a.out
configure:3594: checking for suffix of executables
configure:3601: gcc -o conftest    conftest.c  >&5
configure:3605: $? = 0
configure:3627: result: 
configure:3649: checking whether we are cross compiling
configure:3657: gcc -o conftest    conftest.c  >&5
configure:3661: $? = 0
configure:3668: ./conftest
configure:3672: $? = 0
configure:3687: result: no
configure:3692: checking for suffix of object files
configure:3714: gcc -c   conftest.c >&5
configure:3718: $? = 0
configure:3739: result: o
configure:3743: checking whether we are using the GNU C compiler
configure:3762: gcc -c   conftest.c >&5
configure:3762: $? = 0
configure:3771: result: yes
configure:3780: checking whether gcc accepts -g
configure:3800: gcc -c -g  conftest.c >&5
configure:3800: $? = 0
configure:3841: result: yes
configure:3858: checking for gcc option to accept ISO C89
configure:3921: gcc  -c -g -O2  conftest.c >&5
configure:3921: $? = 0
configure:3934: result: none needed
configure:3956: checking dependency style of gcc
configure:4067: result: gcc3
configure:4088: checking how to run the C preprocessor
configure:4119: gcc -E  conftest.c
configure:4119: $? = 0
configure:4133: gcc -E  conftest.c
conftest.c:11:28: error: ac_nonexistent.h: No such file or directory
configure:4133: $? = 1
configure: failed program was:
| /* confdefs.h */
| #define PACKAGE_NAME "libassuan"
| #define PACKAGE_TARNAME "libassuan"
| #define PACKAGE_VERSION "2.1.0"
| #define PACKAGE_STRING "libassuan 2.1.0"
| #define PACKAGE_BUGREPORT "http://bugs.gnupg.org"
| #define PACKAGE_URL ""
| #define PACKAGE "libassuan"
| #define VERSION "2.1.0"
| /* end confdefs.h.  */
| #include <ac_nonexistent.h>
configure:4158: result: gcc -E
configure:4178: gcc -E  conftest.c
configure:4178: $? = 0
configure:4192: gcc -E  conftest.c
conftest.c:11:28: error: ac_nonexistent.h: No such file or directory
configure:4192: $? = 1
configure: failed program was:
| /* confdefs.h */
| #define PACKAGE_NAME "libassuan"
| #define PACKAGE_TARNAME "libassuan"
| #define PACKAGE_VERSION "2.1.0"
| #define PACKAGE_STRING "libassuan 2.1.0"
| #define PACKAGE_BUGREPORT "http://bugs.gnupg.org"
| #define PACKAGE_URL ""
| #define PACKAGE "libassuan"
| #define VERSION "2.1.0"
| /* end confdefs.h.  */
| #include <ac_nonexistent.h>
configure:4221: checking for grep that handles long lines and -e
configure:4279: result: /usr/bin/grep
configure:4284: checking for egrep
configure:4346: result: /usr/bin/grep -E
configure:4351: checking for ANSI C header files
configure:4371: gcc -c -g -O2  conftest.c >&5
configure:4371: $? = 0
configure:4444: gcc -o conftest -g -O2   conftest.c  >&5
configure:4444: $? = 0
configure:4444: ./conftest
configure:4444: $? = 0
configure:4455: result: yes
configure:4468: checking for sys/types.h
configure:4468: gcc -c -g -O2  conftest.c >&5
configure:4468: $? = 0
configure:4468: result: yes
configure:4468: checking for sys/stat.h
configure:4468: gcc -c -g -O2  conftest.c >&5
configure:4468: $? = 0
configure:4468: result: yes
configure:4468: checking for stdlib.h
configure:4468: gcc -c -g -O2  conftest.c >&5
configure:4468: $? = 0
configure:4468: result: yes
configure:4468: checking for string.h
configure:4468: gcc -c -g -O2  conftest.c >&5
configure:4468: $? = 0
configure:4468: result: yes
configure:4468: checking for memory.h
configure:4468: gcc -c -g -O2  conftest.c >&5
configure:4468: $? = 0
configure:4468: result: yes
configure:4468: checking for strings.h
configure:4468: gcc -c -g -O2  conftest.c >&5
configure:4468: $? = 0
configure:4468: result: yes
configure:4468: checking for inttypes.h
configure:4468: gcc -c -g -O2  conftest.c >&5
configure:4468: $? = 0
configure:4468: result: yes
configure:4468: checking for stdint.h
configure:4468: gcc -c -g -O2  conftest.c >&5
configure:4468: $? = 0
configure:4468: result: yes
configure:4468: checking for unistd.h
configure:4468: gcc -c -g -O2  conftest.c >&5
configure:4468: $? = 0
configure:4468: result: yes
configure:4481: checking minix/config.h usability
configure:4481: gcc -c -g -O2  conftest.c >&5
conftest.c:54:26: error: minix/config.h: No such file or directory
configure:4481: $? = 1
configure: failed program was:
| /* confdefs.h */
| #define PACKAGE_NAME "libassuan"
| #define PACKAGE_TARNAME "libassuan"
| #define PACKAGE_VERSION "2.1.0"
| #define PACKAGE_STRING "libassuan 2.1.0"
| #define PACKAGE_BUGREPORT "http://bugs.gnupg.org"
| #define PACKAGE_URL ""
| #define PACKAGE "libassuan"
| #define VERSION "2.1.0"
| #define STDC_HEADERS 1
| #define HAVE_SYS_TYPES_H 1
| #define HAVE_SYS_STAT_H 1
| #define HAVE_STDLIB_H 1
| #define HAVE_STRING_H 1
| #define HAVE_MEMORY_H 1
| #define HAVE_STRINGS_H 1
| #define HAVE_INTTYPES_H 1
| #define HAVE_STDINT_H 1
| #define HAVE_UNISTD_H 1
| /* end confdefs.h.  */
| #include <stdio.h>
| #ifdef HAVE_SYS_TYPES_H
| # include <sys/types.h>
| #endif
| #ifdef HAVE_SYS_STAT_H
| # include <sys/stat.h>
| #endif
| #ifdef STDC_HEADERS
| # include <stdlib.h>
| # include <stddef.h>
| #else
| # ifdef HAVE_STDLIB_H
| #  include <stdlib.h>
| # endif
| #endif
| #ifdef HAVE_STRING_H
| # if !defined STDC_HEADERS && defined HAVE_MEMORY_H
| #  include <memory.h>
| # endif
| # include <string.h>
| #endif
| #ifdef HAVE_STRINGS_H
| # include <strings.h>
| #endif
| #ifdef HAVE_INTTYPES_H
| # include <inttypes.h>
| #endif
| #ifdef HAVE_STDINT_H
| # include <stdint.h>
| #endif
| #ifdef HAVE_UNISTD_H
| # include <unistd.h>
| #endif
| #include <minix/config.h>
configure:4481: result: no
configure:4481: checking minix/config.h presence
configure:4481: gcc -E  conftest.c
conftest.c:21:26: error: minix/config.h: No such file or directory
configure:4481: $? = 1
configure: failed program was:
| /* confdefs.h */
| #define PACKAGE_NAME "libassuan"
| #define PACKAGE_TARNAME "libassuan"
| #define PACKAGE_VERSION "2.1.0"
| #define PACKAGE_STRING "libassuan 2.1.0"
| #define PACKAGE_BUGREPORT "http://bugs.gnupg.org"
| #define PACKAGE_URL ""
| #define PACKAGE "libassuan"
| #define VERSION "2.1.0"
| #define STDC_HEADERS 1
| #define HAVE_SYS_TYPES_H 1
| #define HAVE_SYS_STAT_H 1
| #define HAVE_STDLIB_H 1
| #define HAVE_STRING_H 1
| #define HAVE_MEMORY_H 1
| #define HAVE_STRINGS_H 1
| #define HAVE_INTTYPES_H 1
| #define HAVE_STDINT_H 1
| #define HAVE_UNISTD_H 1
| /* end confdefs.h.  */
| #include <minix/config.h>
configure:4481: result: no
configure:4481: checking for minix/config.h
configure:4481: result: no
configure:4502: checking whether it is safe to define __EXTENSIONS__
configure:4520: gcc -c -g -O2  conftest.c >&5
configure:4520: $? = 0
configure:4527: result: yes
configure:4613: checking how to print strings
configure:4640: result: printf
configure:4661: checking for a sed that does not truncate output
configure:4725: result: /usr/bin/sed
configure:4743: checking for fgrep
configure:4805: result: /usr/bin/grep -F
configure:4840: checking for ld used by gcc
configure:4907: result: /usr/llvm-gcc-4.2/libexec/gcc/i686-apple-darwin11/4.2.1/ld
configure:4914: checking if the linker (/usr/llvm-gcc-4.2/libexec/gcc/i686-apple-darwin11/4.2.1/ld) is GNU ld
configure:4929: result: no
configure:4941: checking for BSD- or MS-compatible name lister (nm)
configure:4990: result: /usr/bin/nm
configure:5120: checking the name lister (/usr/bin/nm) interface
configure:5127: gcc -c -g -O2  conftest.c >&5
configure:5130: /usr/bin/nm "conftest.o"
configure:5133: output
00000000000001a4 S _some_variable
configure:5140: result: BSD nm
configure:5143: checking whether ln -s works
configure:5147: result: yes
configure:5155: checking the maximum length of command line arguments
configure:5280: result: 196608
configure:5297: checking whether the shell understands some XSI constructs
configure:5307: result: yes
configure:5311: checking whether the shell understands "+="
configure:5317: result: yes
configure:5352: checking how to convert x86_64-apple-darwin12.3.0 file names to x86_64-apple-darwin12.3.0 format
configure:5392: result: func_convert_file_noop
configure:5399: checking how to convert x86_64-apple-darwin12.3.0 file names to toolchain format
configure:5419: result: func_convert_file_noop
configure:5426: checking for /usr/llvm-gcc-4.2/libexec/gcc/i686-apple-darwin11/4.2.1/ld option to reload object files
configure:5433: result: -r
configure:5507: checking for objdump
configure:5537: result: no
configure:5563: checking how to recognize dependent libraries
configure:5765: result: pass_all
configure:5850: checking for dlltool
configure:5880: result: no
configure:5907: checking how to associate runtime and link libraries
configure:5934: result: printf %s\n
configure:5994: checking for ar
configure:6010: found /usr/bin/ar
configure:6021: result: ar
configure:6058: checking for archiver @FILE support
configure:6075: gcc -c -g -O2  conftest.c >&5
configure:6075: $? = 0
configure:6078: ar cru libconftest.a @conftest.lst >&5
ar: @conftest.lst: No such file or directory
configure:6081: $? = 1
configure:6101: result: no
configure:6159: checking for strip
configure:6175: found /usr/bin/strip
configure:6186: result: strip
configure:6258: checking for ranlib
configure:6274: found /usr/bin/ranlib
configure:6285: result: ranlib
configure:6387: checking command to parse /usr/bin/nm output from gcc object
configure:6506: gcc -c -g -O2  conftest.c >&5
configure:6509: $? = 0
configure:6513: /usr/bin/nm conftest.o \| sed -n -e 's/^.*[ ]\([BCDEGRST][BCDEGRST]*\)[ ][ ]*\([_A-Za-z][_A-Za-z0-9]*\)$/\1 \2 \2/p' | sed '/ __gnu_lto/d' \> conftest.nm
configure:6516: $? = 0
cannot find nm_test_var in conftest.nm
configure:6506: gcc -c -g -O2  conftest.c >&5
configure:6509: $? = 0
configure:6513: /usr/bin/nm conftest.o \| sed -n -e 's/^.*[ ]\([BCDEGRST][BCDEGRST]*\)[ ][ ]*_\([_A-Za-z][_A-Za-z0-9]*\)$/\1 _\2 \2/p' | sed '/ __gnu_lto/d' \> conftest.nm
configure:6516: $? = 0
configure:6582: gcc -o conftest -g -O2   conftest.c conftstm.o >&5
configure:6585: $? = 0
configure:6623: result: ok
configure:6660: checking for sysroot
configure:6690: result: no
configure:6933: checking for mt
configure:6963: result: no
configure:6983: checking if : is a manifest tool
configure:6989: : '-?'
configure:6997: result: no
configure:7053: checking for dsymutil
configure:7069: found /usr/bin/dsymutil
configure:7080: result: dsymutil
configure:7145: checking for nmedit
configure:7161: found /usr/bin/nmedit
configure:7172: result: nmedit
configure:7237: checking for lipo
configure:7253: found /usr/bin/lipo
configure:7264: result: lipo
configure:7329: checking for otool
configure:7345: found /usr/bin/otool
configure:7356: result: otool
configure:7421: checking for otool64
configure:7451: result: no
configure:7496: checking for -single_module linker flag
gcc -g -O2  -o libconftest.dylib -dynamiclib -Wl,-single_module conftest.c
configure:7523: result: yes
configure:7525: checking for -exported_symbols_list linker flag
configure:7545: gcc -o conftest -g -O2   -Wl,-exported_symbols_list,conftest.sym conftest.c  >&5
configure:7545: $? = 0
configure:7555: result: yes
configure:7557: checking for -force_load linker flag
gcc -g -O2 -c -o conftest.o conftest.c
ar cru libconftest.a conftest.o
ranlib libconftest.a
gcc -g -O2  -o conftest conftest.c -Wl,-force_load,./libconftest.a
configure:7587: result: yes
configure:7626: checking for dlfcn.h
configure:7626: gcc -c -g -O2  conftest.c >&5
configure:7626: $? = 0
configure:7626: result: yes
configure:8110: checking for objdir
configure:8125: result: .libs
configure:8396: checking if gcc supports -fno-rtti -fno-exceptions
configure:8414: gcc -c -g -O2  -fno-rtti -fno-exceptions conftest.c >&5
cc1: warning: command line option "-fno-rtti" is valid for C++/ObjC++ but not for C
configure:8418: $? = 0
configure:8431: result: no
configure:8741: checking for gcc option to produce PIC
configure:8748: result: -fno-common -DPIC
configure:8756: checking if gcc PIC flag -fno-common -DPIC works
configure:8774: gcc -c -g -O2  -fno-common -DPIC -DPIC conftest.c >&5
configure:8778: $? = 0
configure:8791: result: yes
configure:8820: checking if gcc static flag -static works
configure:8848: result: no
configure:8863: checking if gcc supports -c -o file.o
configure:8884: gcc -c -g -O2  -o out/conftest2.o conftest.c >&5
configure:8888: $? = 0
configure:8910: result: yes
configure:8918: checking if gcc supports -c -o file.o
configure:8965: result: yes
configure:8998: checking whether the gcc linker (/usr/llvm-gcc-4.2/libexec/gcc/i686-apple-darwin11/4.2.1/ld) supports shared libraries
configure:10160: result: yes
configure:10405: checking dynamic linker characteristics
configure:11154: result: darwin12.3.0 dyld
configure:11261: checking how to hardcode library paths into programs
configure:11286: result: immediate
configure:11826: checking whether stripping libraries is possible
configure:11840: result: yes
configure:11866: checking if libtool supports shared libraries
configure:11868: result: yes
configure:11871: checking whether to build shared libraries
configure:11892: result: yes
configure:11895: checking whether to build static libraries
configure:11899: result: no
configure:11977: checking for windres
configure:12007: result: no
configure:12167: checking for gawk
configure:12194: result: awk
configure:12253: checking for gcc
configure:12280: result: gcc
configure:12509: checking for C compiler version
configure:12518: gcc --version >&5
i686-apple-darwin11-llvm-gcc-4.2 (GCC) 4.2.1 (Based on Apple Inc. build 5658) (LLVM build 2336.11.00)
Copyright (C) 2007 Free Software Foundation, Inc.
This is free software; see the source for copying conditions.  There is NO
warranty; not even for MERCHANTABILITY or FITNESS FOR A PARTICULAR PURPOSE.

configure:12529: $? = 0
configure:12518: gcc -v >&5
Using built-in specs.
Target: i686-apple-darwin11
Configured with: /private/var/tmp/llvmgcc42/llvmgcc42-2336.11~67/src/configure --disable-checking --enable-werror --prefix=/Applications/Xcode.app/Contents/Developer/usr/llvm-gcc-4.2 --mandir=/share/man --enable-languages=c,objc,c++,obj-c++ --program-prefix=llvm- --program-transform-name=/^[cg][^.-]*$/s/$/-4.2/ --with-slibdir=/usr/lib --build=i686-apple-darwin11 --enable-llvm=/private/var/tmp/llvmgcc42/llvmgcc42-2336.11~67/dst-llvmCore/Developer/usr/local --program-prefix=i686-apple-darwin11- --host=x86_64-apple-darwin11 --target=i686-apple-darwin11 --with-gxx-include-dir=/usr/include/c++/4.2.1
Thread model: posix
gcc version 4.2.1 (Based on Apple Inc. build 5658) (LLVM build 2336.11.00)
configure:12529: $? = 0
configure:12518: gcc -V >&5
llvm-gcc-4.2: argument to `-V' is missing
configure:12529: $? = 1
configure:12518: gcc -qversion >&5
i686-apple-darwin11-llvm-gcc-4.2: no input files
configure:12529: $? = 1
configure:12533: checking whether we are using the GNU C compiler
configure:12561: result: yes
configure:12570: checking whether gcc accepts -g
configure:12631: result: yes
configure:12648: checking for gcc option to accept ISO C89
configure:12724: result: none needed
configure:12746: checking dependency style of gcc
configure:12857: result: gcc3
configure:12877: checking how to run the C preprocessor
configure:12947: result: gcc -E
configure:12967: gcc -E  conftest.c
configure:12967: $? = 0
configure:12981: gcc -E  conftest.c
conftest.c:33:28: error: ac_nonexistent.h: No such file or directory
configure:12981: $? = 1
configure: failed program was:
| /* confdefs.h */
| #define PACKAGE_NAME "libassuan"
| #define PACKAGE_TARNAME "libassuan"
| #define PACKAGE_VERSION "2.1.0"
| #define PACKAGE_STRING "libassuan 2.1.0"
| #define PACKAGE_BUGREPORT "http://bugs.gnupg.org"
| #define PACKAGE_URL ""
| #define PACKAGE "libassuan"
| #define VERSION "2.1.0"
| #define STDC_HEADERS 1
| #define HAVE_SYS_TYPES_H 1
| #define HAVE_SYS_STAT_H 1
| #define HAVE_STDLIB_H 1
| #define HAVE_STRING_H 1
| #define HAVE_MEMORY_H 1
| #define HAVE_STRINGS_H 1
| #define HAVE_INTTYPES_H 1
| #define HAVE_STDINT_H 1
| #define HAVE_UNISTD_H 1
| #define __EXTENSIONS__ 1
| #define _ALL_SOURCE 1
| #define _GNU_SOURCE 1
| #define _POSIX_PTHREAD_SEMANTICS 1
| #define _TANDEM_SOURCE 1
| #define PACKAGE "libassuan"
| #define VERSION "2.1.0"
| #define PACKAGE_BUGREPORT "http://bugs.gnupg.org"
| #define HAVE_DLFCN_H 1
| #define LT_OBJDIR ".libs/"
| #define _XOPEN_SOURCE 500
| #define _DARWIN_C_SOURCE 1
| /* end confdefs.h.  */
| #include <ac_nonexistent.h>
configure:13010: checking whether gcc and cc understand -c and -o together
configure:13041: gcc -c conftest.c -o conftest2.o >&5
configure:13045: $? = 0
configure:13051: gcc -c conftest.c -o conftest2.o >&5
configure:13055: $? = 0
configure:13066: cc -c conftest.c >&5
configure:13070: $? = 0
configure:13078: cc -c conftest.c -o conftest2.o >&5
configure:13082: $? = 0
configure:13088: cc -c conftest.c -o conftest2.o >&5
configure:13092: $? = 0
configure:13110: result: yes
configure:13139: checking whether ln -s works
configure:13143: result: yes
configure:13150: checking whether make sets $(MAKE)
configure:13172: result: yes
configure:13189: checking for cc for build
configure:13196: result: gcc
configure:13204: checking if gcc supports -Wpointer-arith
configure:13219: gcc -c -Wpointer-arith  conftest.c >&5
configure:13219: $? = 0
configure:13225: result: yes
configure:13348: checking for setsockopt
configure:13348: gcc -o conftest -g -O2 -Wall -Wcast-align -Wshadow -Wstrict-prototypes -Wpointer-arith   conftest.c  >&5
conftest.c:58: warning: function declaration isn't a prototype
conftest.c:68: warning: function declaration isn't a prototype
configure:13348: $? = 0
configure:13348: result: yes
configure:13424: checking for ANSI C header files
configure:13528: result: yes
configure:13541: checking for string.h
configure:13541: result: yes
configure:13541: checking locale.h usability
configure:13541: gcc -c -g -O2 -Wall -Wcast-align -Wshadow -Wstrict-prototypes -Wpointer-arith  conftest.c >&5
configure:13541: $? = 0
configure:13541: result: yes
configure:13541: checking locale.h presence
configure:13541: gcc -E  conftest.c
configure:13541: $? = 0
configure:13541: result: yes
configure:13541: checking for locale.h
configure:13541: result: yes
configure:13541: checking sys/uio.h usability
configure:13541: gcc -c -g -O2 -Wall -Wcast-align -Wshadow -Wstrict-prototypes -Wpointer-arith  conftest.c >&5
configure:13541: $? = 0
configure:13541: result: yes
configure:13541: checking sys/uio.h presence
configure:13541: gcc -E  conftest.c
configure:13541: $? = 0
configure:13541: result: yes
configure:13541: checking for sys/uio.h
configure:13541: result: yes
configure:13541: checking for stdint.h
configure:13541: result: yes
configure:13541: checking for inttypes.h
configure:13541: result: yes
configure:13541: checking for sys/types.h
configure:13541: result: yes
configure:13541: checking for sys/stat.h
configure:13541: result: yes
configure:13541: checking for unistd.h
configure:13541: result: yes
configure:13541: checking sys/time.h usability
configure:13541: gcc -c -g -O2 -Wall -Wcast-align -Wshadow -Wstrict-prototypes -Wpointer-arith  conftest.c >&5
configure:13541: $? = 0
configure:13541: result: yes
configure:13541: checking sys/time.h presence
configure:13541: gcc -E  conftest.c
configure:13541: $? = 0
configure:13541: result: yes
configure:13541: checking for sys/time.h
configure:13541: result: yes
configure:13541: checking fcntl.h usability
configure:13541: gcc -c -g -O2 -Wall -Wcast-align -Wshadow -Wstrict-prototypes -Wpointer-arith  conftest.c >&5
configure:13541: $? = 0
configure:13541: result: yes
configure:13541: checking fcntl.h presence
configure:13541: gcc -E  conftest.c
configure:13541: $? = 0
configure:13541: result: yes
configure:13541: checking for fcntl.h
configure:13541: result: yes
configure:13541: checking sys/select.h usability
configure:13541: gcc -c -g -O2 -Wall -Wcast-align -Wshadow -Wstrict-prototypes -Wpointer-arith  conftest.c >&5
configure:13541: $? = 0
configure:13541: result: yes
configure:13541: checking sys/select.h presence
configure:13541: gcc -E  conftest.c
configure:13541: $? = 0
configure:13541: result: yes
configure:13541: checking for sys/select.h
configure:13541: result: yes
configure:13552: checking for uintptr_t
configure:13552: gcc -c -g -O2 -Wall -Wcast-align -Wshadow -Wstrict-prototypes -Wpointer-arith  conftest.c >&5
conftest.c:82: warning: function declaration isn't a prototype
configure:13552: $? = 0
configure:13552: gcc -c -g -O2 -Wall -Wcast-align -Wshadow -Wstrict-prototypes -Wpointer-arith  conftest.c >&5
conftest.c:82: warning: function declaration isn't a prototype
conftest.c: In function 'main':
conftest.c:83: error: expected expression before ')' token
configure:13552: $? = 1
configure: failed program was:
| /* confdefs.h */
| #define PACKAGE_NAME "libassuan"
| #define PACKAGE_TARNAME "libassuan"
| #define PACKAGE_VERSION "2.1.0"
| #define PACKAGE_STRING "libassuan 2.1.0"
| #define PACKAGE_BUGREPORT "http://bugs.gnupg.org"
| #define PACKAGE_URL ""
| #define PACKAGE "libassuan"
| #define VERSION "2.1.0"
| #define STDC_HEADERS 1
| #define HAVE_SYS_TYPES_H 1
| #define HAVE_SYS_STAT_H 1
| #define HAVE_STDLIB_H 1
| #define HAVE_STRING_H 1
| #define HAVE_MEMORY_H 1
| #define HAVE_STRINGS_H 1
| #define HAVE_INTTYPES_H 1
| #define HAVE_STDINT_H 1
| #define HAVE_UNISTD_H 1
| #define __EXTENSIONS__ 1
| #define _ALL_SOURCE 1
| #define _GNU_SOURCE 1
| #define _POSIX_PTHREAD_SEMANTICS 1
| #define _TANDEM_SOURCE 1
| #define PACKAGE "libassuan"
| #define VERSION "2.1.0"
| #define PACKAGE_BUGREPORT "http://bugs.gnupg.org"
| #define HAVE_DLFCN_H 1
| #define LT_OBJDIR ".libs/"
| #define _XOPEN_SOURCE 500
| #define _DARWIN_C_SOURCE 1
| #define BUILD_REVISION "7d227ac"
| #define BUILD_TIMESTAMP "2013-04-11T13:39+0000"
| #define STDC_HEADERS 1
| #define HAVE_STRING_H 1
| #define HAVE_LOCALE_H 1
| #define HAVE_SYS_UIO_H 1
| #define HAVE_STDINT_H 1
| #define HAVE_INTTYPES_H 1
| #define HAVE_SYS_TYPES_H 1
| #define HAVE_SYS_STAT_H 1
| #define HAVE_UNISTD_H 1
| #define HAVE_SYS_TIME_H 1
| #define HAVE_FCNTL_H 1
| #define HAVE_SYS_SELECT_H 1
| /* end confdefs.h.  */
| #include <stdio.h>
| #ifdef HAVE_SYS_TYPES_H
| # include <sys/types.h>
| #endif
| #ifdef HAVE_SYS_STAT_H
| # include <sys/stat.h>
| #endif
| #ifdef STDC_HEADERS
| # include <stdlib.h>
| # include <stddef.h>
| #else
| # ifdef HAVE_STDLIB_H
| #  include <stdlib.h>
| # endif
| #endif
| #ifdef HAVE_STRING_H
| # if !defined STDC_HEADERS && defined HAVE_MEMORY_H
| #  include <memory.h>
| # endif
| # include <string.h>
| #endif
| #ifdef HAVE_STRINGS_H
| # include <strings.h>
| #endif
| #ifdef HAVE_INTTYPES_H
| # include <inttypes.h>
| #endif
| #ifdef HAVE_STDINT_H
| # include <stdint.h>
| #endif
| #ifdef HAVE_UNISTD_H
| # include <unistd.h>
| #endif
| int
| main ()
| {
| if (sizeof ((uintptr_t)))
| 	    return 0;
|   ;
|   return 0;
| }
configure:13552: result: yes
configure:13588: checking for uint16_t
configure:13588: gcc -c -g -O2 -Wall -Wcast-align -Wshadow -Wstrict-prototypes -Wpointer-arith  conftest.c >&5
conftest.c:83: warning: function declaration isn't a prototype
configure:13588: $? = 0
configure:13588: result: yes
configure:13604: checking for an ANSI C-conforming const
configure:13670: gcc -c -g -O2 -Wall -Wcast-align -Wshadow -Wstrict-prototypes -Wpointer-arith  conftest.c >&5
conftest.c:51: warning: function declaration isn't a prototype
configure:13670: $? = 0
configure:13677: result: yes
configure:13685: checking for inline
configure:13701: gcc -c -g -O2 -Wall -Wcast-align -Wshadow -Wstrict-prototypes -Wpointer-arith  conftest.c >&5
conftest.c:50: warning: function declaration isn't a prototype
conftest.c:51: warning: function declaration isn't a prototype
configure:13701: $? = 0
configure:13709: result: inline
configure:13727: checking for size_t
configure:13727: gcc -c -g -O2 -Wall -Wcast-align -Wshadow -Wstrict-prototypes -Wpointer-arith  conftest.c >&5
conftest.c:83: warning: function declaration isn't a prototype
configure:13727: $? = 0
configure:13727: gcc -c -g -O2 -Wall -Wcast-align -Wshadow -Wstrict-prototypes -Wpointer-arith  conftest.c >&5
conftest.c:83: warning: function declaration isn't a prototype
conftest.c: In function 'main':
conftest.c:84: error: expected expression before ')' token
configure:13727: $? = 1
configure: failed program was:
| /* confdefs.h */
| #define PACKAGE_NAME "libassuan"
| #define PACKAGE_TARNAME "libassuan"
| #define PACKAGE_VERSION "2.1.0"
| #define PACKAGE_STRING "libassuan 2.1.0"
| #define PACKAGE_BUGREPORT "http://bugs.gnupg.org"
| #define PACKAGE_URL ""
| #define PACKAGE "libassuan"
| #define VERSION "2.1.0"
| #define STDC_HEADERS 1
| #define HAVE_SYS_TYPES_H 1
| #define HAVE_SYS_STAT_H 1
| #define HAVE_STDLIB_H 1
| #define HAVE_STRING_H 1
| #define HAVE_MEMORY_H 1
| #define HAVE_STRINGS_H 1
| #define HAVE_INTTYPES_H 1
| #define HAVE_STDINT_H 1
| #define HAVE_UNISTD_H 1
| #define __EXTENSIONS__ 1
| #define _ALL_SOURCE 1
| #define _GNU_SOURCE 1
| #define _POSIX_PTHREAD_SEMANTICS 1
| #define _TANDEM_SOURCE 1
| #define PACKAGE "libassuan"
| #define VERSION "2.1.0"
| #define PACKAGE_BUGREPORT "http://bugs.gnupg.org"
| #define HAVE_DLFCN_H 1
| #define LT_OBJDIR ".libs/"
| #define _XOPEN_SOURCE 500
| #define _DARWIN_C_SOURCE 1
| #define BUILD_REVISION "7d227ac"
| #define BUILD_TIMESTAMP "2013-04-11T13:39+0000"
| #define STDC_HEADERS 1
| #define HAVE_STRING_H 1
| #define HAVE_LOCALE_H 1
| #define HAVE_SYS_UIO_H 1
| #define HAVE_STDINT_H 1
| #define HAVE_INTTYPES_H 1
| #define HAVE_SYS_TYPES_H 1
| #define HAVE_SYS_STAT_H 1
| #define HAVE_UNISTD_H 1
| #define HAVE_SYS_TIME_H 1
| #define HAVE_FCNTL_H 1
| #define HAVE_SYS_SELECT_H 1
| #define HAVE_UINTPTR_T 1
| /* end confdefs.h.  */
| #include <stdio.h>
| #ifdef HAVE_SYS_TYPES_H
| # include <sys/types.h>
| #endif
| #ifdef HAVE_SYS_STAT_H
| # include <sys/stat.h>
| #endif
| #ifdef STDC_HEADERS
| # include <stdlib.h>
| # include <stddef.h>
| #else
| # ifdef HAVE_STDLIB_H
| #  include <stdlib.h>
| # endif
| #endif
| #ifdef HAVE_STRING_H
| # if !defined STDC_HEADERS && defined HAVE_MEMORY_H
| #  include <memory.h>
| # endif
| # include <string.h>
| #endif
| #ifdef HAVE_STRINGS_H
| # include <strings.h>
| #endif
| #ifdef HAVE_INTTYPES_H
| # include <inttypes.h>
| #endif
| #ifdef HAVE_STDINT_H
| # include <stdint.h>
| #endif
| #ifdef HAVE_UNISTD_H
| # include <unistd.h>
| #endif
| int
| main ()
| {
| if (sizeof ((size_t)))
| 	    return 0;
|   ;
|   return 0;
| }
configure:13727: result: yes
configure:13738: checking return type of signal handlers
configure:13756: gcc -c -g -O2 -Wall -Wcast-align -Wshadow -Wstrict-prototypes -Wpointer-arith  conftest.c >&5
conftest.c:53: warning: function declaration isn't a prototype
conftest.c: In function 'main':
conftest.c:54: error: void value not ignored as it ought to be
configure:13756: $? = 1
configure: failed program was:
| /* confdefs.h */
| #define PACKAGE_NAME "libassuan"
| #define PACKAGE_TARNAME "libassuan"
| #define PACKAGE_VERSION "2.1.0"
| #define PACKAGE_STRING "libassuan 2.1.0"
| #define PACKAGE_BUGREPORT "http://bugs.gnupg.org"
| #define PACKAGE_URL ""
| #define PACKAGE "libassuan"
| #define VERSION "2.1.0"
| #define STDC_HEADERS 1
| #define HAVE_SYS_TYPES_H 1
| #define HAVE_SYS_STAT_H 1
| #define HAVE_STDLIB_H 1
| #define HAVE_STRING_H 1
| #define HAVE_MEMORY_H 1
| #define HAVE_STRINGS_H 1
| #define HAVE_INTTYPES_H 1
| #define HAVE_STDINT_H 1
| #define HAVE_UNISTD_H 1
| #define __EXTENSIONS__ 1
| #define _ALL_SOURCE 1
| #define _GNU_SOURCE 1
| #define _POSIX_PTHREAD_SEMANTICS 1
| #define _TANDEM_SOURCE 1
| #define PACKAGE "libassuan"
| #define VERSION "2.1.0"
| #define PACKAGE_BUGREPORT "http://bugs.gnupg.org"
| #define HAVE_DLFCN_H 1
| #define LT_OBJDIR ".libs/"
| #define _XOPEN_SOURCE 500
| #define _DARWIN_C_SOURCE 1
| #define BUILD_REVISION "7d227ac"
| #define BUILD_TIMESTAMP "2013-04-11T13:39+0000"
| #define STDC_HEADERS 1
| #define HAVE_STRING_H 1
| #define HAVE_LOCALE_H 1
| #define HAVE_SYS_UIO_H 1
| #define HAVE_STDINT_H 1
| #define HAVE_INTTYPES_H 1
| #define HAVE_SYS_TYPES_H 1
| #define HAVE_SYS_STAT_H 1
| #define HAVE_UNISTD_H 1
| #define HAVE_SYS_TIME_H 1
| #define HAVE_FCNTL_H 1
| #define HAVE_SYS_SELECT_H 1
| #define HAVE_UINTPTR_T 1
| /* end confdefs.h.  */
| #include <sys/types.h>
| #include <signal.h>
| 
| int
| main ()
| {
| return *(signal (0, 0)) (0) == 1;
|   ;
|   return 0;
| }
configure:13763: result: void
configure:13771: checking whether sys_siglist is declared
configure:13771: gcc -c -g -O2 -Wall -Wcast-align -Wshadow -Wstrict-prototypes -Wpointer-arith  conftest.c >&5
conftest.c:58: warning: function declaration isn't a prototype
configure:13771: $? = 0
configure:13771: result: yes
configure:13793: checking sys/socket.h usability
configure:13793: gcc -c -g -O2 -Wall -Wcast-align -Wshadow -Wstrict-prototypes -Wpointer-arith  conftest.c >&5
configure:13793: $? = 0
configure:13793: result: yes
configure:13793: checking sys/socket.h presence
configure:13793: gcc -E  conftest.c
configure:13793: $? = 0
configure:13793: result: yes
configure:13793: checking for sys/socket.h
configure:13793: result: yes
configure:13832: checking for socklen_t
configure:13832: gcc -c -g -O2 -Wall -Wcast-align -Wshadow -Wstrict-prototypes -Wpointer-arith  conftest.c >&5
conftest.c:60: warning: function declaration isn't a prototype
configure:13832: $? = 0
configure:13832: gcc -c -g -O2 -Wall -Wcast-align -Wshadow -Wstrict-prototypes -Wpointer-arith  conftest.c >&5
conftest.c:60: warning: function declaration isn't a prototype
conftest.c: In function 'main':
conftest.c:61: error: expected expression before ')' token
configure:13832: $? = 1
configure: failed program was:
| /* confdefs.h */
| #define PACKAGE_NAME "libassuan"
| #define PACKAGE_TARNAME "libassuan"
| #define PACKAGE_VERSION "2.1.0"
| #define PACKAGE_STRING "libassuan 2.1.0"
| #define PACKAGE_BUGREPORT "http://bugs.gnupg.org"
| #define PACKAGE_URL ""
| #define PACKAGE "libassuan"
| #define VERSION "2.1.0"
| #define STDC_HEADERS 1
| #define HAVE_SYS_TYPES_H 1
| #define HAVE_SYS_STAT_H 1
| #define HAVE_STDLIB_H 1
| #define HAVE_STRING_H 1
| #define HAVE_MEMORY_H 1
| #define HAVE_STRINGS_H 1
| #define HAVE_INTTYPES_H 1
| #define HAVE_STDINT_H 1
| #define HAVE_UNISTD_H 1
| #define __EXTENSIONS__ 1
| #define _ALL_SOURCE 1
| #define _GNU_SOURCE 1
| #define _POSIX_PTHREAD_SEMANTICS 1
| #define _TANDEM_SOURCE 1
| #define PACKAGE "libassuan"
| #define VERSION "2.1.0"
| #define PACKAGE_BUGREPORT "http://bugs.gnupg.org"
| #define HAVE_DLFCN_H 1
| #define LT_OBJDIR ".libs/"
| #define _XOPEN_SOURCE 500
| #define _DARWIN_C_SOURCE 1
| #define BUILD_REVISION "7d227ac"
| #define BUILD_TIMESTAMP "2013-04-11T13:39+0000"
| #define STDC_HEADERS 1
| #define HAVE_STRING_H 1
| #define HAVE_LOCALE_H 1
| #define HAVE_SYS_UIO_H 1
| #define HAVE_STDINT_H 1
| #define HAVE_INTTYPES_H 1
| #define HAVE_SYS_TYPES_H 1
| #define HAVE_SYS_STAT_H 1
| #define HAVE_UNISTD_H 1
| #define HAVE_SYS_TIME_H 1
| #define HAVE_FCNTL_H 1
| #define HAVE_SYS_SELECT_H 1
| #define HAVE_UINTPTR_T 1
| #define RETSIGTYPE void
| #define HAVE_DECL_SYS_SIGLIST 1
| #define HAVE_SYS_SOCKET_H 1
| /* end confdefs.h.  */
| #include <sys/types.h>
|       #if HAVE_SYS_SOCKET_H
|       # include <sys/socket.h>
|       #elif HAVE_WS2TCPIP_H
|       # include <ws2tcpip.h>
|       #endif
| 
| int
| main ()
| {
| if (sizeof ((socklen_t)))
| 	    return 0;
|   ;
|   return 0;
| }
configure:13832: result: yes
configure:13891: checking for struct cmsghdr.cmsg_len
configure:13891: gcc -c -g -O2 -Wall -Wcast-align -Wshadow -Wstrict-prototypes -Wpointer-arith  conftest.c >&5
conftest.c:66: warning: function declaration isn't a prototype
configure:13891: $? = 0
configure:13891: result: yes
configure:14004: checking for gpg-error-config
configure:14022: found /usr/local/bin/gpg-error-config
configure:14034: result: /usr/local/bin/gpg-error-config
configure:14057: checking for GPG Error - version >= 1.8
configure:14084: result: yes (1.9)
configure:14125: checking for flockfile
configure:14125: gcc -o conftest -g -O2 -Wall -Wcast-align -Wshadow -Wstrict-prototypes -Wpointer-arith   conftest.c  >&5
conftest.c:75: warning: function declaration isn't a prototype
conftest.c:85: warning: function declaration isn't a prototype
configure:14125: $? = 0
configure:14125: result: yes
configure:14125: checking for funlockfile
configure:14125: gcc -o conftest -g -O2 -Wall -Wcast-align -Wshadow -Wstrict-prototypes -Wpointer-arith   conftest.c  >&5
conftest.c:76: warning: function declaration isn't a prototype
conftest.c:86: warning: function declaration isn't a prototype
configure:14125: $? = 0
configure:14125: result: yes
configure:14125: checking for inet_pton
configure:14125: gcc -o conftest -g -O2 -Wall -Wcast-align -Wshadow -Wstrict-prototypes -Wpointer-arith   conftest.c  >&5
conftest.c:77: warning: function declaration isn't a prototype
conftest.c:87: warning: function declaration isn't a prototype
configure:14125: $? = 0
configure:14125: result: yes
configure:14139: checking for library containing nanosleep
configure:14170: gcc -o conftest -g -O2 -Wall -Wcast-align -Wshadow -Wstrict-prototypes -Wpointer-arith   conftest.c  >&5
conftest.c:62: warning: function declaration isn't a prototype
conftest.c:65: warning: function declaration isn't a prototype
configure:14170: $? = 0
configure:14187: result: none required
configure:14203: checking for funopen
configure:14203: gcc -o conftest -g -O2 -Wall -Wcast-align -Wshadow -Wstrict-prototypes -Wpointer-arith   conftest.c  >&5
conftest.c:79: warning: function declaration isn't a prototype
conftest.c:89: warning: function declaration isn't a prototype
configure:14203: $? = 0
configure:14203: result: yes
configure:14249: checking for isascii
configure:14249: gcc -o conftest -g -O2 -Wall -Wcast-align -Wshadow -Wstrict-prototypes -Wpointer-arith   conftest.c  >&5
conftest.c:80: warning: function declaration isn't a prototype
conftest.c:80: warning: conflicting types for built-in function 'isascii'
conftest.c:90: warning: function declaration isn't a prototype
configure:14249: $? = 0
configure:14249: result: yes
configure:14263: checking for putc_unlocked
configure:14263: gcc -o conftest -g -O2 -Wall -Wcast-align -Wshadow -Wstrict-prototypes -Wpointer-arith   conftest.c  >&5
conftest.c:81: warning: function declaration isn't a prototype
conftest.c:81: warning: conflicting types for built-in function 'putc_unlocked'
conftest.c:91: warning: function declaration isn't a prototype
configure:14263: $? = 0
configure:14263: result: yes
configure:14277: checking for memrchr
configure:14277: gcc -o conftest -g -O2 -Wall -Wcast-align -Wshadow -Wstrict-prototypes -Wpointer-arith   conftest.c  >&5
conftest.c:82: warning: function declaration isn't a prototype
conftest.c:92: warning: function declaration isn't a prototype
Undefined symbols for architecture x86_64:
  "_memrchr", referenced from:
      _main in ccoajZ8D.o
ld: symbol(s) not found for architecture x86_64
collect2: ld returned 1 exit status
configure:14277: $? = 1
configure: failed program was:
| /* confdefs.h */
| #define PACKAGE_NAME "libassuan"
| #define PACKAGE_TARNAME "libassuan"
| #define PACKAGE_VERSION "2.1.0"
| #define PACKAGE_STRING "libassuan 2.1.0"
| #define PACKAGE_BUGREPORT "http://bugs.gnupg.org"
| #define PACKAGE_URL ""
| #define PACKAGE "libassuan"
| #define VERSION "2.1.0"
| #define STDC_HEADERS 1
| #define HAVE_SYS_TYPES_H 1
| #define HAVE_SYS_STAT_H 1
| #define HAVE_STDLIB_H 1
| #define HAVE_STRING_H 1
| #define HAVE_MEMORY_H 1
| #define HAVE_STRINGS_H 1
| #define HAVE_INTTYPES_H 1
| #define HAVE_STDINT_H 1
| #define HAVE_UNISTD_H 1
| #define __EXTENSIONS__ 1
| #define _ALL_SOURCE 1
| #define _GNU_SOURCE 1
| #define _POSIX_PTHREAD_SEMANTICS 1
| #define _TANDEM_SOURCE 1
| #define PACKAGE "libassuan"
| #define VERSION "2.1.0"
| #define PACKAGE_BUGREPORT "http://bugs.gnupg.org"
| #define HAVE_DLFCN_H 1
| #define LT_OBJDIR ".libs/"
| #define _XOPEN_SOURCE 500
| #define _DARWIN_C_SOURCE 1
| #define BUILD_REVISION "7d227ac"
| #define BUILD_TIMESTAMP "2013-04-11T13:39+0000"
| #define STDC_HEADERS 1
| #define HAVE_STRING_H 1
| #define HAVE_LOCALE_H 1
| #define HAVE_SYS_UIO_H 1
| #define HAVE_STDINT_H 1
| #define HAVE_INTTYPES_H 1
| #define HAVE_SYS_TYPES_H 1
| #define HAVE_SYS_STAT_H 1
| #define HAVE_UNISTD_H 1
| #define HAVE_SYS_TIME_H 1
| #define HAVE_FCNTL_H 1
| #define HAVE_SYS_SELECT_H 1
| #define HAVE_UINTPTR_T 1
| #define RETSIGTYPE void
| #define HAVE_DECL_SYS_SIGLIST 1
| #define HAVE_SYS_SOCKET_H 1
| #define USE_DESCRIPTOR_PASSING 1
| #define HAVE_FLOCKFILE 1
| #define HAVE_FUNLOCKFILE 1
| #define HAVE_INET_PTON 1
| #define HAVE_NANOSLEEP 1
| #define HAVE_FUNOPEN 1
| #define HAVE_ISASCII 1
| #define HAVE_PUTC_UNLOCKED 1
| /* end confdefs.h.  */
| /* Define memrchr to an innocuous variant, in case <limits.h> declares memrchr.
|    For example, HP-UX 11i <limits.h> declares gettimeofday.  */
| #define memrchr innocuous_memrchr
| 
| /* System header to define __stub macros and hopefully few prototypes,
|     which can conflict with char memrchr (); below.
|     Prefer <limits.h> to <assert.h> if __STDC__ is defined, since
|     <limits.h> exists even on freestanding compilers.  */
| 
| #ifdef __STDC__
| # include <limits.h>
| #else
| # include <assert.h>
| #endif
| 
| #undef memrchr
| 
| /* Override any GCC internal prototype to avoid an error.
|    Use char because int might match the return type of a GCC
|    builtin and then its argument prototype would still apply.  */
| #ifdef __cplusplus
| extern "C"
| #endif
| char memrchr ();
| /* The GNU C library defines this for functions which it implements
|     to always fail with ENOSYS.  Some functions are actually named
|     something starting with __ and the normal name is an alias.  */
| #if defined __stub_memrchr || defined __stub___memrchr
| choke me
| #endif
| 
| int
| main ()
| {
| return memrchr ();
|   ;
|   return 0;
| }
configure:14277: result: no
configure:14291: checking for stpcpy
configure:14291: gcc -o conftest -g -O2 -Wall -Wcast-align -Wshadow -Wstrict-prototypes -Wpointer-arith   conftest.c  >&5
conftest.c:82: warning: function declaration isn't a prototype
conftest.c:82: warning: conflicting types for built-in function 'stpcpy'
conftest.c:92: warning: function declaration isn't a prototype
configure:14291: $? = 0
configure:14291: result: yes
configure:14307: checking for unistd.h
configure:14307: result: yes
configure:14317: checking for setenv
configure:14317: gcc -o conftest -g -O2 -Wall -Wcast-align -Wshadow -Wstrict-prototypes -Wpointer-arith   conftest.c  >&5
conftest.c:84: warning: function declaration isn't a prototype
conftest.c:94: warning: function declaration isn't a prototype
configure:14317: $? = 0
configure:14317: result: yes
configure:14331: checking for vasprintf
configure:14331: gcc -o conftest -g -O2 -Wall -Wcast-align -Wshadow -Wstrict-prototypes -Wpointer-arith   conftest.c  >&5
conftest.c:85: warning: function declaration isn't a prototype
conftest.c:95: warning: function declaration isn't a prototype
configure:14331: $? = 0
configure:14331: result: yes
configure:14350: checking for SO_PEERCRED
configure:14368: gcc -c -g -O2 -Wall -Wcast-align -Wshadow -Wstrict-prototypes -Wpointer-arith  conftest.c >&5
conftest.c:66: warning: function declaration isn't a prototype
conftest.c: In function 'main':
conftest.c:67: error: storage size of 'cr' isn't known
conftest.c:69: error: 'SO_PEERCRED' undeclared (first use in this function)
conftest.c:69: error: (Each undeclared identifier is reported only once
conftest.c:69: error: for each function it appears in.)
conftest.c:69: warning: pointer targets in passing argument 5 of 'getsockopt' differ in signedness
conftest.c:67: warning: unused variable 'cr'
configure:14368: $? = 1
configure: failed program was:
| /* confdefs.h */
| #define PACKAGE_NAME "libassuan"
| #define PACKAGE_TARNAME "libassuan"
| #define PACKAGE_VERSION "2.1.0"
| #define PACKAGE_STRING "libassuan 2.1.0"
| #define PACKAGE_BUGREPORT "http://bugs.gnupg.org"
| #define PACKAGE_URL ""
| #define PACKAGE "libassuan"
| #define VERSION "2.1.0"
| #define STDC_HEADERS 1
| #define HAVE_SYS_TYPES_H 1
| #define HAVE_SYS_STAT_H 1
| #define HAVE_STDLIB_H 1
| #define HAVE_STRING_H 1
| #define HAVE_MEMORY_H 1
| #define HAVE_STRINGS_H 1
| #define HAVE_INTTYPES_H 1
| #define HAVE_STDINT_H 1
| #define HAVE_UNISTD_H 1
| #define __EXTENSIONS__ 1
| #define _ALL_SOURCE 1
| #define _GNU_SOURCE 1
| #define _POSIX_PTHREAD_SEMANTICS 1
| #define _TANDEM_SOURCE 1
| #define PACKAGE "libassuan"
| #define VERSION "2.1.0"
| #define PACKAGE_BUGREPORT "http://bugs.gnupg.org"
| #define HAVE_DLFCN_H 1
| #define LT_OBJDIR ".libs/"
| #define _XOPEN_SOURCE 500
| #define _DARWIN_C_SOURCE 1
| #define BUILD_REVISION "7d227ac"
| #define BUILD_TIMESTAMP "2013-04-11T13:39+0000"
| #define STDC_HEADERS 1
| #define HAVE_STRING_H 1
| #define HAVE_LOCALE_H 1
| #define HAVE_SYS_UIO_H 1
| #define HAVE_STDINT_H 1
| #define HAVE_INTTYPES_H 1
| #define HAVE_SYS_TYPES_H 1
| #define HAVE_SYS_STAT_H 1
| #define HAVE_UNISTD_H 1
| #define HAVE_SYS_TIME_H 1
| #define HAVE_FCNTL_H 1
| #define HAVE_SYS_SELECT_H 1
| #define HAVE_UINTPTR_T 1
| #define RETSIGTYPE void
| #define HAVE_DECL_SYS_SIGLIST 1
| #define HAVE_SYS_SOCKET_H 1
| #define USE_DESCRIPTOR_PASSING 1
| #define HAVE_FLOCKFILE 1
| #define HAVE_FUNLOCKFILE 1
| #define HAVE_INET_PTON 1
| #define HAVE_NANOSLEEP 1
| #define HAVE_FUNOPEN 1
| #define HAVE_ISASCII 1
| #define HAVE_PUTC_UNLOCKED 1
| #define HAVE_STPCPY 1
| #define HAVE_UNISTD_H 1
| #define HAVE_SETENV 1
| #define HAVE_VASPRINTF 1
| /* end confdefs.h.  */
| #include <sys/socket.h>
| int
| main ()
| {
| struct ucred cr;
|           int cl = sizeof cr;
|           getsockopt (1, SOL_SOCKET, SO_PEERCRED, &cr, &cl);
|   ;
|   return 0;
| }
configure:14377: result: no
configure:14386: checking for LOCAL_PEEREID
configure:14405: gcc -c -g -O2 -Wall -Wcast-align -Wshadow -Wstrict-prototypes -Wpointer-arith  conftest.c >&5
conftest.c:63:23: error: sys/socket.: No such file or directory
conftest.c:67: warning: function declaration isn't a prototype
conftest.c: In function 'main':
conftest.c:68: error: storage size of 'unp' isn't known
conftest.c:70: warning: implicit declaration of function 'getsockopt'
conftest.c:70: error: 'SOL_SOCKET' undeclared (first use in this function)
conftest.c:70: error: (Each undeclared identifier is reported only once
conftest.c:70: error: for each function it appears in.)
conftest.c:70: error: 'LOCAL_PEEREID' undeclared (first use in this function)
conftest.c:68: warning: unused variable 'unp'
configure:14405: $? = 1
configure: failed program was:
| /* confdefs.h */
| #define PACKAGE_NAME "libassuan"
| #define PACKAGE_TARNAME "libassuan"
| #define PACKAGE_VERSION "2.1.0"
| #define PACKAGE_STRING "libassuan 2.1.0"
| #define PACKAGE_BUGREPORT "http://bugs.gnupg.org"
| #define PACKAGE_URL ""
| #define PACKAGE "libassuan"
| #define VERSION "2.1.0"
| #define STDC_HEADERS 1
| #define HAVE_SYS_TYPES_H 1
| #define HAVE_SYS_STAT_H 1
| #define HAVE_STDLIB_H 1
| #define HAVE_STRING_H 1
| #define HAVE_MEMORY_H 1
| #define HAVE_STRINGS_H 1
| #define HAVE_INTTYPES_H 1
| #define HAVE_STDINT_H 1
| #define HAVE_UNISTD_H 1
| #define __EXTENSIONS__ 1
| #define _ALL_SOURCE 1
| #define _GNU_SOURCE 1
| #define _POSIX_PTHREAD_SEMANTICS 1
| #define _TANDEM_SOURCE 1
| #define PACKAGE "libassuan"
| #define VERSION "2.1.0"
| #define PACKAGE_BUGREPORT "http://bugs.gnupg.org"
| #define HAVE_DLFCN_H 1
| #define LT_OBJDIR ".libs/"
| #define _XOPEN_SOURCE 500
| #define _DARWIN_C_SOURCE 1
| #define BUILD_REVISION "7d227ac"
| #define BUILD_TIMESTAMP "2013-04-11T13:39+0000"
| #define STDC_HEADERS 1
| #define HAVE_STRING_H 1
| #define HAVE_LOCALE_H 1
| #define HAVE_SYS_UIO_H 1
| #define HAVE_STDINT_H 1
| #define HAVE_INTTYPES_H 1
| #define HAVE_SYS_TYPES_H 1
| #define HAVE_SYS_STAT_H 1
| #define HAVE_UNISTD_H 1
| #define HAVE_SYS_TIME_H 1
| #define HAVE_FCNTL_H 1
| #define HAVE_SYS_SELECT_H 1
| #define HAVE_UINTPTR_T 1
| #define RETSIGTYPE void
| #define HAVE_DECL_SYS_SIGLIST 1
| #define HAVE_SYS_SOCKET_H 1
| #define USE_DESCRIPTOR_PASSING 1
| #define HAVE_FLOCKFILE 1
| #define HAVE_FUNLOCKFILE 1
| #define HAVE_INET_PTON 1
| #define HAVE_NANOSLEEP 1
| #define HAVE_FUNOPEN 1
| #define HAVE_ISASCII 1
| #define HAVE_PUTC_UNLOCKED 1
| #define HAVE_STPCPY 1
| #define HAVE_UNISTD_H 1
| #define HAVE_SETENV 1
| #define HAVE_VASPRINTF 1
| /* end confdefs.h.  */
| #include <sys/socket.>
|          #include <sys/un.h>
| int
| main ()
| {
| struct unpcbid unp;
|           int unpl = sizeof unp;
|           getsockopt (1, SOL_SOCKET, LOCAL_PEEREID, &unp, &unpl);
|   ;
|   return 0;
| }
configure:14414: result: no
configure:14425: checking for getpeerucred
configure:14425: gcc -o conftest -g -O2 -Wall -Wcast-align -Wshadow -Wstrict-prototypes -Wpointer-arith   conftest.c  >&5
conftest.c:86: warning: function declaration isn't a prototype
conftest.c:96: warning: function declaration isn't a prototype
Undefined symbols for architecture x86_64:
  "_getpeerucred", referenced from:
      _main in ccCcLsES.o
ld: symbol(s) not found for architecture x86_64
collect2: ld returned 1 exit status
configure:14425: $? = 1
configure: failed program was:
| /* confdefs.h */
| #define PACKAGE_NAME "libassuan"
| #define PACKAGE_TARNAME "libassuan"
| #define PACKAGE_VERSION "2.1.0"
| #define PACKAGE_STRING "libassuan 2.1.0"
| #define PACKAGE_BUGREPORT "http://bugs.gnupg.org"
| #define PACKAGE_URL ""
| #define PACKAGE "libassuan"
| #define VERSION "2.1.0"
| #define STDC_HEADERS 1
| #define HAVE_SYS_TYPES_H 1
| #define HAVE_SYS_STAT_H 1
| #define HAVE_STDLIB_H 1
| #define HAVE_STRING_H 1
| #define HAVE_MEMORY_H 1
| #define HAVE_STRINGS_H 1
| #define HAVE_INTTYPES_H 1
| #define HAVE_STDINT_H 1
| #define HAVE_UNISTD_H 1
| #define __EXTENSIONS__ 1
| #define _ALL_SOURCE 1
| #define _GNU_SOURCE 1
| #define _POSIX_PTHREAD_SEMANTICS 1
| #define _TANDEM_SOURCE 1
| #define PACKAGE "libassuan"
| #define VERSION "2.1.0"
| #define PACKAGE_BUGREPORT "http://bugs.gnupg.org"
| #define HAVE_DLFCN_H 1
| #define LT_OBJDIR ".libs/"
| #define _XOPEN_SOURCE 500
| #define _DARWIN_C_SOURCE 1
| #define BUILD_REVISION "7d227ac"
| #define BUILD_TIMESTAMP "2013-04-11T13:39+0000"
| #define STDC_HEADERS 1
| #define HAVE_STRING_H 1
| #define HAVE_LOCALE_H 1
| #define HAVE_SYS_UIO_H 1
| #define HAVE_STDINT_H 1
| #define HAVE_INTTYPES_H 1
| #define HAVE_SYS_TYPES_H 1
| #define HAVE_SYS_STAT_H 1
| #define HAVE_UNISTD_H 1
| #define HAVE_SYS_TIME_H 1
| #define HAVE_FCNTL_H 1
| #define HAVE_SYS_SELECT_H 1
| #define HAVE_UINTPTR_T 1
| #define RETSIGTYPE void
| #define HAVE_DECL_SYS_SIGLIST 1
| #define HAVE_SYS_SOCKET_H 1
| #define USE_DESCRIPTOR_PASSING 1
| #define HAVE_FLOCKFILE 1
| #define HAVE_FUNLOCKFILE 1
| #define HAVE_INET_PTON 1
| #define HAVE_NANOSLEEP 1
| #define HAVE_FUNOPEN 1
| #define HAVE_ISASCII 1
| #define HAVE_PUTC_UNLOCKED 1
| #define HAVE_STPCPY 1
| #define HAVE_UNISTD_H 1
| #define HAVE_SETENV 1
| #define HAVE_VASPRINTF 1
| /* end confdefs.h.  */
| /* Define getpeerucred to an innocuous variant, in case <limits.h> declares getpeerucred.
|    For example, HP-UX 11i <limits.h> declares gettimeofday.  */
| #define getpeerucred innocuous_getpeerucred
| 
| /* System header to define __stub macros and hopefully few prototypes,
|     which can conflict with char getpeerucred (); below.
|     Prefer <limits.h> to <assert.h> if __STDC__ is defined, since
|     <limits.h> exists even on freestanding compilers.  */
| 
| #ifdef __STDC__
| # include <limits.h>
| #else
| # include <assert.h>
| #endif
| 
| #undef getpeerucred
| 
| /* Override any GCC internal prototype to avoid an error.
|    Use char because int might match the return type of a GCC
|    builtin and then its argument prototype would still apply.  */
| #ifdef __cplusplus
| extern "C"
| #endif
| char getpeerucred ();
| /* The GNU C library defines this for functions which it implements
|     to always fail with ENOSYS.  Some functions are actually named
|     something starting with __ and the normal name is an alias.  */
| #if defined __stub_getpeerucred || defined __stub___getpeerucred
| choke me
| #endif
| 
| int
| main ()
| {
| return getpeerucred ();
|   ;
|   return 0;
| }
configure:14425: result: no
configure:14449: checking for getpeereid
configure:14449: gcc -o conftest -g -O2 -Wall -Wcast-align -Wshadow -Wstrict-prototypes -Wpointer-arith   conftest.c  >&5
conftest.c:86: warning: function declaration isn't a prototype
conftest.c:96: warning: function declaration isn't a prototype
configure:14449: $? = 0
configure:14449: result: yes
configure:14638: creating ./config.status

## ---------------------- ##
## Running config.status. ##
## ---------------------- ##

This file was extended by libassuan config.status 2.1.0, which was
generated by GNU Autoconf 2.69.  Invocation command line was

  CONFIG_FILES    = 
  CONFIG_HEADERS  = 
  CONFIG_LINKS    = 
  CONFIG_COMMANDS = 
  $ ./config.status 

on Joaos-MacBook-Pro.local

config.status:1199: creating Makefile
config.status:1199: creating m4/Makefile
config.status:1199: creating src/Makefile
config.status:1199: creating doc/Makefile
config.status:1199: creating tests/Makefile
config.status:1199: creating src/libassuan-config
config.status:1199: creating src/versioninfo.rc
config.status:1199: creating config.h
config.status:1428: executing depfiles commands
config.status:1428: executing libtool commands

## ---------------- ##
## Cache variables. ##
## ---------------- ##

ac_cv_build=x86_64-apple-darwin12.3.0
ac_cv_c_compiler_gnu=yes
ac_cv_c_const=yes
ac_cv_c_inline=inline
ac_cv_c_uint16_t=yes
ac_cv_env_CC_FOR_BUILD_set=
ac_cv_env_CC_FOR_BUILD_value=
ac_cv_env_CC_set=
ac_cv_env_CC_value=
ac_cv_env_CFLAGS_set=
ac_cv_env_CFLAGS_value=
ac_cv_env_CPPFLAGS_set=
ac_cv_env_CPPFLAGS_value=
ac_cv_env_CPP_set=
ac_cv_env_CPP_value=
ac_cv_env_LDFLAGS_set=
ac_cv_env_LDFLAGS_value=
ac_cv_env_LIBS_set=
ac_cv_env_LIBS_value=
ac_cv_env_build_alias_set=
ac_cv_env_build_alias_value=
ac_cv_env_host_alias_set=
ac_cv_env_host_alias_value=
ac_cv_env_target_alias_set=
ac_cv_env_target_alias_value=
ac_cv_func_flockfile=yes
ac_cv_func_funlockfile=yes
ac_cv_func_funopen=yes
ac_cv_func_getpeereid=yes
ac_cv_func_getpeerucred=no
ac_cv_func_inet_pton=yes
ac_cv_func_isascii=yes
ac_cv_func_memrchr=no
ac_cv_func_putc_unlocked=yes
ac_cv_func_setenv=yes
ac_cv_func_setsockopt=yes
ac_cv_func_stpcpy=yes
ac_cv_func_vasprintf=yes
ac_cv_have_decl_sys_siglist=yes
ac_cv_header_dlfcn_h=yes
ac_cv_header_fcntl_h=yes
ac_cv_header_inttypes_h=yes
ac_cv_header_locale_h=yes
ac_cv_header_memory_h=yes
ac_cv_header_minix_config_h=no
ac_cv_header_stdc=yes
ac_cv_header_stdint_h=yes
ac_cv_header_stdlib_h=yes
ac_cv_header_string_h=yes
ac_cv_header_strings_h=yes
ac_cv_header_sys_select_h=yes
ac_cv_header_sys_socket_h=yes
ac_cv_header_sys_stat_h=yes
ac_cv_header_sys_time_h=yes
ac_cv_header_sys_types_h=yes
ac_cv_header_sys_uio_h=yes
ac_cv_header_unistd_h=yes
ac_cv_host=x86_64-apple-darwin12.3.0
ac_cv_member_struct_cmsghdr_cmsg_len=yes
ac_cv_objext=o
ac_cv_path_EGREP='/usr/bin/grep -E'
ac_cv_path_FGREP='/usr/bin/grep -F'
ac_cv_path_GREP=/usr/bin/grep
ac_cv_path_SED=/usr/bin/sed
ac_cv_path_ac_pt_GPG_ERROR_CONFIG=/usr/local/bin/gpg-error-config
ac_cv_path_install='/usr/bin/install -c'
ac_cv_prog_AWK=awk
ac_cv_prog_CPP='gcc -E'
ac_cv_prog_ac_ct_AR=ar
ac_cv_prog_ac_ct_CC=gcc
ac_cv_prog_ac_ct_DSYMUTIL=dsymutil
ac_cv_prog_ac_ct_LIPO=lipo
ac_cv_prog_ac_ct_NMEDIT=nmedit
ac_cv_prog_ac_ct_OTOOL=otool
ac_cv_prog_ac_ct_RANLIB=ranlib
ac_cv_prog_ac_ct_STRIP=strip
ac_cv_prog_cc_c89=
ac_cv_prog_cc_g=yes
ac_cv_prog_cc_gcc_c_o=yes
ac_cv_prog_make_make_set=yes
ac_cv_safe_to_define___extensions__=yes
ac_cv_search_nanosleep='none required'
ac_cv_type_signal=void
ac_cv_type_size_t=yes
ac_cv_type_socklen_t=yes
ac_cv_type_uintptr_t=yes
am_cv_CC_dependencies_compiler_type=gcc3
assuan_cv_sys_so_local_peereid=no
assuan_cv_sys_so_peercred=no
lt_cv_apple_cc_single_mod=yes
lt_cv_ar_at_file=no
lt_cv_deplibs_check_method=pass_all
lt_cv_file_magic_cmd='$MAGIC_CMD'
lt_cv_file_magic_test_file=
lt_cv_ld_exported_symbols_list=yes
lt_cv_ld_force_load=yes
lt_cv_ld_reload_flag=-r
lt_cv_nm_interface='BSD nm'
lt_cv_objdir=.libs
lt_cv_path_LD=/usr/llvm-gcc-4.2/libexec/gcc/i686-apple-darwin11/4.2.1/ld
lt_cv_path_NM=/usr/bin/nm
lt_cv_path_mainfest_tool=no
lt_cv_prog_compiler_c_o=yes
lt_cv_prog_compiler_c_o_RC=yes
lt_cv_prog_compiler_pic='-fno-common -DPIC'
lt_cv_prog_compiler_pic_works=yes
lt_cv_prog_compiler_rtti_exceptions=no
lt_cv_prog_compiler_static_works=no
lt_cv_prog_gnu_ld=no
lt_cv_sharedlib_from_linklib_cmd='printf %s\n'
lt_cv_sys_global_symbol_pipe='sed -n -e '\''s/^.*[	 ]\([BCDEGRST][BCDEGRST]*\)[	 ][	 ]*_\([_A-Za-z][_A-Za-z0-9]*\)$/\1 _\2 \2/p'\'' | sed '\''/ __gnu_lto/d'\'''
lt_cv_sys_global_symbol_to_c_name_address='sed -n -e '\''s/^: \([^ ]*\)[ ]*$/  {\"\1\", (void *) 0},/p'\'' -e '\''s/^[BCDEGRST]* \([^ ]*\) \([^ ]*\)$/  {"\2", (void *) \&\2},/p'\'''
lt_cv_sys_global_symbol_to_c_name_address_lib_prefix='sed -n -e '\''s/^: \([^ ]*\)[ ]*$/  {\"\1\", (void *) 0},/p'\'' -e '\''s/^[BCDEGRST]* \([^ ]*\) \(lib[^ ]*\)$/  {"\2", (void *) \&\2},/p'\'' -e '\''s/^[BCDEGRST]* \([^ ]*\) \([^ ]*\)$/  {"lib\2", (void *) \&\2},/p'\'''
lt_cv_sys_global_symbol_to_cdecl='sed -n -e '\''s/^T .* \(.*\)$/extern int \1();/p'\'' -e '\''s/^[BCDEGRST]* .* \(.*\)$/extern char \1;/p'\'''
lt_cv_sys_max_cmd_len=196608
lt_cv_to_host_file_cmd=func_convert_file_noop
lt_cv_to_tool_file_cmd=func_convert_file_noop

## ----------------- ##
## Output variables. ##
## ----------------- ##

ACLOCAL='${SHELL} /Users/joaovasques/Duplicity/libassuan-2.1.0/missing --run aclocal-1.11'
AMDEPBACKSLASH='\'
AMDEP_FALSE='#'
AMDEP_TRUE=''
AMTAR='$${TAR-tar}'
AR='ar'
AS='as'
AUTOCONF='${SHELL} /Users/joaovasques/Duplicity/libassuan-2.1.0/missing --run autoconf'
AUTOHEADER='${SHELL} /Users/joaovasques/Duplicity/libassuan-2.1.0/missing --run autoheader'
AUTOMAKE='${SHELL} /Users/joaovasques/Duplicity/libassuan-2.1.0/missing --run automake-1.11'
AWK='awk'
BUILD_FILEVERSION='2,1,0,32034'
BUILD_REVISION='7d227ac'
BUILD_TIMESTAMP='2013-04-11T13:39+0000'
CC='gcc'
CCDEPMODE='depmode=gcc3'
CC_FOR_BUILD='gcc'
CFLAGS='-g -O2 -Wall -Wcast-align -Wshadow -Wstrict-prototypes -Wpointer-arith'
CPP='gcc -E'
CPPFLAGS=''
CYGPATH_W='echo'
DEFS='-DHAVE_CONFIG_H'
DEPDIR='.deps'
DLLTOOL='false'
DSYMUTIL='dsymutil'
DUMPBIN=''
ECHO_C='\c'
ECHO_N=''
ECHO_T=''
EGREP='/usr/bin/grep -E'
EXEEXT=''
FGREP='/usr/bin/grep -F'
GPG_ERROR_CFLAGS='-I/usr/local/include'
GPG_ERROR_CONFIG='/usr/local/bin/gpg-error-config'
GPG_ERROR_LIBS='-L/usr/local/lib -lgpg-error'
GREP='/usr/bin/grep'
HAVE_LD_VERSION_SCRIPT_FALSE=''
HAVE_LD_VERSION_SCRIPT_TRUE='#'
HAVE_W32CE_SYSTEM_FALSE=''
HAVE_W32CE_SYSTEM_TRUE='#'
HAVE_W32_SYSTEM_FALSE=''
HAVE_W32_SYSTEM_TRUE='#'
HAVE_W64_SYSTEM_FALSE=''
HAVE_W64_SYSTEM_TRUE='#'
INSTALL_DATA='${INSTALL} -m 644'
INSTALL_PROGRAM='${INSTALL}'
INSTALL_SCRIPT='${INSTALL}'
INSTALL_STRIP_PROGRAM='$(install_sh) -c -s'
LD='/usr/llvm-gcc-4.2/libexec/gcc/i686-apple-darwin11/4.2.1/ld'
LDFLAGS=''
LIBASSUAN_CONFIG_API_VERSION='2'
LIBASSUAN_CONFIG_CFLAGS=''
LIBASSUAN_CONFIG_EXTRA_LIBS=''
LIBASSUAN_CONFIG_HOST='x86_64-apple-darwin12.3.0'
LIBASSUAN_CONFIG_LIB='-lassuan'
LIBASSUAN_LT_AGE='4'
LIBASSUAN_LT_CURRENT='4'
LIBASSUAN_LT_REVISION='0'
LIBOBJS=' ${LIBOBJDIR}memrchr$U.o'
LIBS=''
LIBTOOL='$(SHELL) $(top_builddir)/libtool'
LIPO='lipo'
LN_S='ln -s'
LTLIBOBJS=' ${LIBOBJDIR}memrchr$U.lo'
MAINT='#'
MAINTAINER_MODE_FALSE=''
MAINTAINER_MODE_TRUE='#'
MAKEINFO='${SHELL} /Users/joaovasques/Duplicity/libassuan-2.1.0/missing --run makeinfo'
MANIFEST_TOOL=':'
MKDIR_P='./install-sh -c -d'
NETLIBS=''
NM='/usr/bin/nm'
NMEDIT='nmedit'
OBJDUMP='false'
OBJEXT='o'
OTOOL64=':'
OTOOL='otool'
PACKAGE='libassuan'
PACKAGE_BUGREPORT='http://bugs.gnupg.org'
PACKAGE_NAME='libassuan'
PACKAGE_STRING='libassuan 2.1.0'
PACKAGE_TARNAME='libassuan'
PACKAGE_URL=''
PACKAGE_VERSION='2.1.0'
PATH_SEPARATOR=':'
RANLIB='ranlib'
RC=''
SED='/usr/bin/sed'
SET_MAKE=''
SHELL='/bin/sh'
STRIP='strip'
SYS_SOCKET_H=''
USE_DESCRIPTOR_PASSING_FALSE='#'
USE_DESCRIPTOR_PASSING_TRUE=''
VERSION='2.1.0'
VERSION_NUMBER='0x020100'
ac_ct_AR='ar'
ac_ct_CC='gcc'
ac_ct_DUMPBIN=''
am__EXEEXT_FALSE=''
am__EXEEXT_TRUE='#'
am__fastdepCC_FALSE='#'
am__fastdepCC_TRUE=''
am__include='include'
am__isrc=''
am__leading_dot='.'
am__nodep='_no'
am__quote=''
am__tar='$${TAR-tar} chof - "$$tardir"'
am__untar='$${TAR-tar} xf -'
bindir='${exec_prefix}/bin'
build='x86_64-apple-darwin12.3.0'
build_alias=''
build_cpu='x86_64'
build_os='darwin12.3.0'
build_vendor='apple'
datadir='${datarootdir}'
datarootdir='${prefix}/share'
docdir='${datarootdir}/doc/${PACKAGE_TARNAME}'
dvidir='${docdir}'
exec_prefix='${prefix}'
host='x86_64-apple-darwin12.3.0'
host_alias=''
host_cpu='x86_64'
host_os='darwin12.3.0'
host_vendor='apple'
htmldir='${docdir}'
includedir='${prefix}/include'
infodir='${datarootdir}/info'
install_sh='${SHELL} /Users/joaovasques/Duplicity/libassuan-2.1.0/install-sh'
libdir='${exec_prefix}/lib'
libexecdir='${exec_prefix}/libexec'
localedir='${datarootdir}/locale'
localstatedir='${prefix}/var'
mandir='${datarootdir}/man'
mkdir_p='$(top_builddir)/./install-sh -c -d'
oldincludedir='/usr/include'
pdfdir='${docdir}'
prefix='/usr/local'
program_transform_name='s,x,x,'
psdir='${docdir}'
sbindir='${exec_prefix}/sbin'
sharedstatedir='${prefix}/com'
sysconfdir='${prefix}/etc'
target_alias=''

## ----------- ##
## confdefs.h. ##
## ----------- ##

/* confdefs.h */
#define PACKAGE_NAME "libassuan"
#define PACKAGE_TARNAME "libassuan"
#define PACKAGE_VERSION "2.1.0"
#define PACKAGE_STRING "libassuan 2.1.0"
#define PACKAGE_BUGREPORT "http://bugs.gnupg.org"
#define PACKAGE_URL ""
#define PACKAGE "libassuan"
#define VERSION "2.1.0"
#define STDC_HEADERS 1
#define HAVE_SYS_TYPES_H 1
#define HAVE_SYS_STAT_H 1
#define HAVE_STDLIB_H 1
#define HAVE_STRING_H 1
#define HAVE_MEMORY_H 1
#define HAVE_STRINGS_H 1
#define HAVE_INTTYPES_H 1
#define HAVE_STDINT_H 1
#define HAVE_UNISTD_H 1
#define __EXTENSIONS__ 1
#define _ALL_SOURCE 1
#define _GNU_SOURCE 1
#define _POSIX_PTHREAD_SEMANTICS 1
#define _TANDEM_SOURCE 1
#define PACKAGE "libassuan"
#define VERSION "2.1.0"
#define PACKAGE_BUGREPORT "http://bugs.gnupg.org"
#define HAVE_DLFCN_H 1
#define LT_OBJDIR ".libs/"
#define _XOPEN_SOURCE 500
#define _DARWIN_C_SOURCE 1
#define BUILD_REVISION "7d227ac"
#define BUILD_TIMESTAMP "2013-04-11T13:39+0000"
#define STDC_HEADERS 1
#define HAVE_STRING_H 1
#define HAVE_LOCALE_H 1
#define HAVE_SYS_UIO_H 1
#define HAVE_STDINT_H 1
#define HAVE_INTTYPES_H 1
#define HAVE_SYS_TYPES_H 1
#define HAVE_SYS_STAT_H 1
#define HAVE_UNISTD_H 1
#define HAVE_SYS_TIME_H 1
#define HAVE_FCNTL_H 1
#define HAVE_SYS_SELECT_H 1
#define HAVE_UINTPTR_T 1
#define RETSIGTYPE void
#define HAVE_DECL_SYS_SIGLIST 1
#define HAVE_SYS_SOCKET_H 1
#define USE_DESCRIPTOR_PASSING 1
#define HAVE_FLOCKFILE 1
#define HAVE_FUNLOCKFILE 1
#define HAVE_INET_PTON 1
#define HAVE_NANOSLEEP 1
#define HAVE_FUNOPEN 1
#define HAVE_ISASCII 1
#define HAVE_PUTC_UNLOCKED 1
#define HAVE_STPCPY 1
#define HAVE_UNISTD_H 1
#define HAVE_SETENV 1
#define HAVE_VASPRINTF 1
#define HAVE_GETPEEREID 1

configure: exit 0
